#-----------------------------------------------------------
# Vivado v2020.1 (64-bit)
# SW Build 2902540 on Wed May 27 19:54:35 MDT 2020
# IP Build 2902112 on Wed May 27 22:43:36 MDT 2020
# Start of session at: Fri Oct  1 23:39:27 2021
# Process ID: 8651
# Current directory: /home/jian/Downloads/pagerank_suite-main/pagerank/edgemap
# Command line: vivado -mode tcl -source syn.tcl -log ./syn.log
# Log file: /home/jian/Downloads/pagerank_suite-main/pagerank/edgemap/./syn.log
# Journal file: /home/jian/Downloads/pagerank_suite-main/pagerank/edgemap/vivado.jou
#-----------------------------------------------------------
source syn.tcl
# create_project -force vivado_syn ./syn -part xc7z020clg484-1
# add_files -norecurse "
#     pagerank_edgemap_hls/solution/syn/verilog/pagerank.v
#     pagerank_edgemap_hls/solution/syn/verilog/pagerank_dadddsubbkb.v
#     pagerank_edgemap_hls/solution/syn/verilog/pagerank_dcmp_64neOg.v
#     pagerank_edgemap_hls/solution/syn/verilog/pagerank_ddiv_64ndEe.v
#     pagerank_edgemap_hls/solution/syn/verilog/pagerank_dmul_64ncud.v
#     pagerank_edgemap_hls/solution/syn/verilog/pagerank_uitodp_6fYi.v
# "
# source pagerank_edgemap_hls/solution/syn/verilog/pagerank_ap_dadddsub_2_full_dsp_64_ip.tcl
## set vivado_ver [version -short]
## set fpo_ver 7.1
## if {[regexp -nocase {2015\.1.*} $vivado_ver match]} {
##     set fpo_ver 7.0
## }
## create_ip -name floating_point -version $fpo_ver -vendor xilinx.com -library ip -module_name pagerank_ap_dadddsub_2_full_dsp_64
INFO: [IP_Flow 19-234] Refreshing IP repositories
INFO: [IP_Flow 19-1704] No user IP repositories specified
INFO: [IP_Flow 19-2313] Loaded Vivado IP repository '/home/jian/Downloads/Vivado/Vivado/2020.1/data/ip'.
WARNING: [IP_Flow 19-4832] The IP name 'pagerank_ap_dadddsub_2_full_dsp_64' you have specified is long. The Windows operating system has path length limitations. It is recommended you use shorter names to reduce the likelihood of issues.
## set_property -dict [list CONFIG.a_precision_type Double \
##                           CONFIG.a_tuser_width 1 \
##                           CONFIG.add_sub_value Both \
##                           CONFIG.b_tuser_width 1 \
##                           CONFIG.c_a_exponent_width 11 \
##                           CONFIG.c_a_fraction_width 53 \
##                           CONFIG.c_compare_operation Programmable \
##                           CONFIG.c_has_divide_by_zero false \
##                           CONFIG.c_has_invalid_op false \
##                           CONFIG.c_has_overflow false \
##                           CONFIG.c_has_underflow false \
##                           CONFIG.c_latency 2 \
##                           CONFIG.c_mult_usage Full_Usage \
##                           CONFIG.c_optimization Speed_Optimized \
##                           CONFIG.c_rate 1 \
##                           CONFIG.c_result_exponent_width 11 \
##                           CONFIG.c_result_fraction_width 53 \
##                           CONFIG.component_name pagerank_ap_dadddsub_2_full_dsp_64 \
##                           CONFIG.flow_control NonBlocking \
##                           CONFIG.has_a_tlast false \
##                           CONFIG.has_a_tuser false \
##                           CONFIG.has_aclken true \
##                           CONFIG.has_aresetn false \
##                           CONFIG.has_b_tlast false \
##                           CONFIG.has_b_tuser false \
##                           CONFIG.has_operation_tlast false \
##                           CONFIG.has_operation_tuser false \
##                           CONFIG.has_result_tready false \
##                           CONFIG.maximum_latency false \
##                           CONFIG.operation_tuser_width 1 \
##                           CONFIG.operation_type Add_Subtract \
##                           CONFIG.result_precision_type Double \
##                           CONFIG.result_tlast_behv Null] -objects [get_ips pagerank_ap_dadddsub_2_full_dsp_64] -quiet
## set_property generate_synth_checkpoint false [get_files pagerank_ap_dadddsub_2_full_dsp_64.xci]
## generate_target {synthesis simulation} [get_files pagerank_ap_dadddsub_2_full_dsp_64.xci]
INFO: [IP_Flow 19-1686] Generating 'Synthesis' target for IP 'pagerank_ap_dadddsub_2_full_dsp_64'...
INFO: [IP_Flow 19-1686] Generating 'Simulation' target for IP 'pagerank_ap_dadddsub_2_full_dsp_64'...
# source pagerank_edgemap_hls/solution/syn/verilog/pagerank_ap_dcmp_0_no_dsp_64_ip.tcl
## set vivado_ver [version -short]
## set fpo_ver 7.1
## if {[regexp -nocase {2015\.1.*} $vivado_ver match]} {
##     set fpo_ver 7.0
## }
## create_ip -name floating_point -version $fpo_ver -vendor xilinx.com -library ip -module_name pagerank_ap_dcmp_0_no_dsp_64
WARNING: [IP_Flow 19-4832] The IP name 'pagerank_ap_dcmp_0_no_dsp_64' you have specified is long. The Windows operating system has path length limitations. It is recommended you use shorter names to reduce the likelihood of issues.
## set_property -dict [list CONFIG.a_precision_type Double \
##                           CONFIG.a_tuser_width 1 \
##                           CONFIG.add_sub_value Both \
##                           CONFIG.b_tuser_width 1 \
##                           CONFIG.c_a_exponent_width 11 \
##                           CONFIG.c_a_fraction_width 53 \
##                           CONFIG.c_compare_operation Programmable \
##                           CONFIG.c_has_divide_by_zero false \
##                           CONFIG.c_has_invalid_op false \
##                           CONFIG.c_has_overflow false \
##                           CONFIG.c_has_underflow false \
##                           CONFIG.c_latency 0 \
##                           CONFIG.c_mult_usage No_Usage \
##                           CONFIG.c_optimization Speed_Optimized \
##                           CONFIG.c_rate 1 \
##                           CONFIG.c_result_exponent_width 1 \
##                           CONFIG.c_result_fraction_width 0 \
##                           CONFIG.component_name pagerank_ap_dcmp_0_no_dsp_64 \
##                           CONFIG.flow_control NonBlocking \
##                           CONFIG.has_a_tlast false \
##                           CONFIG.has_a_tuser false \
##                           CONFIG.has_aclken false \
##                           CONFIG.has_aresetn false \
##                           CONFIG.has_b_tlast false \
##                           CONFIG.has_b_tuser false \
##                           CONFIG.has_operation_tlast false \
##                           CONFIG.has_operation_tuser false \
##                           CONFIG.has_result_tready false \
##                           CONFIG.maximum_latency false \
##                           CONFIG.operation_tuser_width 1 \
##                           CONFIG.operation_type Compare \
##                           CONFIG.result_precision_type Custom \
##                           CONFIG.result_tlast_behv Null] -objects [get_ips pagerank_ap_dcmp_0_no_dsp_64] -quiet
## set_property generate_synth_checkpoint false [get_files pagerank_ap_dcmp_0_no_dsp_64.xci]
## generate_target {synthesis simulation} [get_files pagerank_ap_dcmp_0_no_dsp_64.xci]
INFO: [IP_Flow 19-1686] Generating 'Synthesis' target for IP 'pagerank_ap_dcmp_0_no_dsp_64'...
INFO: [IP_Flow 19-1686] Generating 'Simulation' target for IP 'pagerank_ap_dcmp_0_no_dsp_64'...
# source pagerank_edgemap_hls/solution/syn/verilog/pagerank_ap_ddiv_15_no_dsp_64_ip.tcl
## set vivado_ver [version -short]
## set fpo_ver 7.1
## if {[regexp -nocase {2015\.1.*} $vivado_ver match]} {
##     set fpo_ver 7.0
## }
## create_ip -name floating_point -version $fpo_ver -vendor xilinx.com -library ip -module_name pagerank_ap_ddiv_15_no_dsp_64
WARNING: [IP_Flow 19-4832] The IP name 'pagerank_ap_ddiv_15_no_dsp_64' you have specified is long. The Windows operating system has path length limitations. It is recommended you use shorter names to reduce the likelihood of issues.
## set_property -dict [list CONFIG.a_precision_type Double \
##                           CONFIG.a_tuser_width 1 \
##                           CONFIG.add_sub_value Both \
##                           CONFIG.b_tuser_width 1 \
##                           CONFIG.c_a_exponent_width 11 \
##                           CONFIG.c_a_fraction_width 53 \
##                           CONFIG.c_compare_operation Programmable \
##                           CONFIG.c_has_divide_by_zero false \
##                           CONFIG.c_has_invalid_op false \
##                           CONFIG.c_has_overflow false \
##                           CONFIG.c_has_underflow false \
##                           CONFIG.c_latency 15 \
##                           CONFIG.c_mult_usage No_Usage \
##                           CONFIG.c_optimization Speed_Optimized \
##                           CONFIG.c_rate 1 \
##                           CONFIG.c_result_exponent_width 11 \
##                           CONFIG.c_result_fraction_width 53 \
##                           CONFIG.component_name pagerank_ap_ddiv_15_no_dsp_64 \
##                           CONFIG.flow_control NonBlocking \
##                           CONFIG.has_a_tlast false \
##                           CONFIG.has_a_tuser false \
##                           CONFIG.has_aclken true \
##                           CONFIG.has_aresetn false \
##                           CONFIG.has_b_tlast false \
##                           CONFIG.has_b_tuser false \
##                           CONFIG.has_operation_tlast false \
##                           CONFIG.has_operation_tuser false \
##                           CONFIG.has_result_tready false \
##                           CONFIG.maximum_latency false \
##                           CONFIG.operation_tuser_width 1 \
##                           CONFIG.operation_type Divide \
##                           CONFIG.result_precision_type Double \
##                           CONFIG.result_tlast_behv Null] -objects [get_ips pagerank_ap_ddiv_15_no_dsp_64] -quiet
## set_property generate_synth_checkpoint false [get_files pagerank_ap_ddiv_15_no_dsp_64.xci]
## generate_target {synthesis simulation} [get_files pagerank_ap_ddiv_15_no_dsp_64.xci]
INFO: [IP_Flow 19-1686] Generating 'Synthesis' target for IP 'pagerank_ap_ddiv_15_no_dsp_64'...
INFO: [IP_Flow 19-1686] Generating 'Simulation' target for IP 'pagerank_ap_ddiv_15_no_dsp_64'...
# source pagerank_edgemap_hls/solution/syn/verilog/pagerank_ap_dmul_3_max_dsp_64_ip.tcl
## set vivado_ver [version -short]
## set fpo_ver 7.1
## if {[regexp -nocase {2015\.1.*} $vivado_ver match]} {
##     set fpo_ver 7.0
## }
## create_ip -name floating_point -version $fpo_ver -vendor xilinx.com -library ip -module_name pagerank_ap_dmul_3_max_dsp_64
WARNING: [IP_Flow 19-4832] The IP name 'pagerank_ap_dmul_3_max_dsp_64' you have specified is long. The Windows operating system has path length limitations. It is recommended you use shorter names to reduce the likelihood of issues.
## set_property -dict [list CONFIG.a_precision_type Double \
##                           CONFIG.a_tuser_width 1 \
##                           CONFIG.add_sub_value Both \
##                           CONFIG.b_tuser_width 1 \
##                           CONFIG.c_a_exponent_width 11 \
##                           CONFIG.c_a_fraction_width 53 \
##                           CONFIG.c_compare_operation Programmable \
##                           CONFIG.c_has_divide_by_zero false \
##                           CONFIG.c_has_invalid_op false \
##                           CONFIG.c_has_overflow false \
##                           CONFIG.c_has_underflow false \
##                           CONFIG.c_latency 3 \
##                           CONFIG.c_mult_usage Max_Usage \
##                           CONFIG.c_optimization Speed_Optimized \
##                           CONFIG.c_rate 1 \
##                           CONFIG.c_result_exponent_width 11 \
##                           CONFIG.c_result_fraction_width 53 \
##                           CONFIG.component_name pagerank_ap_dmul_3_max_dsp_64 \
##                           CONFIG.flow_control NonBlocking \
##                           CONFIG.has_a_tlast false \
##                           CONFIG.has_a_tuser false \
##                           CONFIG.has_aclken true \
##                           CONFIG.has_aresetn false \
##                           CONFIG.has_b_tlast false \
##                           CONFIG.has_b_tuser false \
##                           CONFIG.has_operation_tlast false \
##                           CONFIG.has_operation_tuser false \
##                           CONFIG.has_result_tready false \
##                           CONFIG.maximum_latency false \
##                           CONFIG.operation_tuser_width 1 \
##                           CONFIG.operation_type Multiply \
##                           CONFIG.result_precision_type Double \
##                           CONFIG.result_tlast_behv Null] -objects [get_ips pagerank_ap_dmul_3_max_dsp_64] -quiet
## set_property generate_synth_checkpoint false [get_files pagerank_ap_dmul_3_max_dsp_64.xci]
## generate_target {synthesis simulation} [get_files pagerank_ap_dmul_3_max_dsp_64.xci]
INFO: [IP_Flow 19-1686] Generating 'Synthesis' target for IP 'pagerank_ap_dmul_3_max_dsp_64'...
INFO: [IP_Flow 19-1686] Generating 'Simulation' target for IP 'pagerank_ap_dmul_3_max_dsp_64'...
# source pagerank_edgemap_hls/solution/syn/verilog/pagerank_ap_uitodp_1_no_dsp_64_ip.tcl
## set vivado_ver [version -short]
## set fpo_ver 7.1
## if {[regexp -nocase {2015\.1.*} $vivado_ver match]} {
##     set fpo_ver 7.0
## }
## create_ip -name floating_point -version $fpo_ver -vendor xilinx.com -library ip -module_name pagerank_ap_uitodp_1_no_dsp_64
WARNING: [IP_Flow 19-4832] The IP name 'pagerank_ap_uitodp_1_no_dsp_64' you have specified is long. The Windows operating system has path length limitations. It is recommended you use shorter names to reduce the likelihood of issues.
## set_property -dict [list CONFIG.a_precision_type Uint64 \
##                           CONFIG.a_tuser_width 1 \
##                           CONFIG.add_sub_value Both \
##                           CONFIG.b_tuser_width 1 \
##                           CONFIG.c_a_exponent_width 64 \
##                           CONFIG.c_a_fraction_width 0 \
##                           CONFIG.c_compare_operation Programmable \
##                           CONFIG.c_has_divide_by_zero false \
##                           CONFIG.c_has_invalid_op false \
##                           CONFIG.c_has_overflow false \
##                           CONFIG.c_has_underflow false \
##                           CONFIG.c_latency 1 \
##                           CONFIG.c_mult_usage No_Usage \
##                           CONFIG.c_optimization Speed_Optimized \
##                           CONFIG.c_rate 1 \
##                           CONFIG.c_result_exponent_width 11 \
##                           CONFIG.c_result_fraction_width 53 \
##                           CONFIG.component_name pagerank_ap_uitodp_1_no_dsp_64 \
##                           CONFIG.flow_control NonBlocking \
##                           CONFIG.has_a_tlast false \
##                           CONFIG.has_a_tuser false \
##                           CONFIG.has_aclken true \
##                           CONFIG.has_aresetn false \
##                           CONFIG.has_b_tlast false \
##                           CONFIG.has_b_tuser false \
##                           CONFIG.has_operation_tlast false \
##                           CONFIG.has_operation_tuser false \
##                           CONFIG.has_result_tready false \
##                           CONFIG.maximum_latency false \
##                           CONFIG.operation_tuser_width 1 \
##                           CONFIG.operation_type Fixed_to_Float \
##                           CONFIG.result_precision_type Double \
##                           CONFIG.result_tlast_behv Null] -objects [get_ips pagerank_ap_uitodp_1_no_dsp_64] -quiet
## set_property generate_synth_checkpoint false [get_files pagerank_ap_uitodp_1_no_dsp_64.xci]
## generate_target {synthesis simulation} [get_files pagerank_ap_uitodp_1_no_dsp_64.xci]
INFO: [IP_Flow 19-1686] Generating 'Synthesis' target for IP 'pagerank_ap_uitodp_1_no_dsp_64'...
INFO: [IP_Flow 19-1686] Generating 'Simulation' target for IP 'pagerank_ap_uitodp_1_no_dsp_64'...
# add_files -fileset constrs_1 -norecurse xdc.xdc
# launch_runs synth_1 -jobs 4
[Fri Oct  1 23:40:04 2021] Launched synth_1...
Run output will be captured here: /home/jian/Downloads/pagerank_suite-main/pagerank/edgemap/syn/vivado_syn.runs/synth_1/runme.log
# wait_on_run synth_1
[Fri Oct  1 23:40:04 2021] Waiting for synth_1 to finish...

*** Running vivado
    with args -log pagerank.vds -m64 -product Vivado -mode batch -messageDb vivado.pb -notrace -source pagerank.tcl


****** Vivado v2020.1 (64-bit)
  **** SW Build 2902540 on Wed May 27 19:54:35 MDT 2020
  **** IP Build 2902112 on Wed May 27 22:43:36 MDT 2020
    ** Copyright 1986-2020 Xilinx, Inc. All Rights Reserved.

source pagerank.tcl -notrace
Command: synth_design -top pagerank -part xc7z020clg484-1
Starting synth_design
Attempting to get a license for feature 'Synthesis' and/or device 'xc7z020'
INFO: [Common 17-349] Got license for feature 'Synthesis' and/or device 'xc7z020'
INFO: [Device 21-403] Loading part xc7z020clg484-1
INFO: [Synth 8-7079] Multithreading enabled for synth_design using a maximum of 4 processes.
INFO: [Synth 8-7078] Launching helper process for spawning children vivado processes
INFO: [Synth 8-7075] Helper process launched with PID 8875
---------------------------------------------------------------------------------
Starting RTL Elaboration : Time (s): cpu = 00:00:09 ; elapsed = 00:00:13 . Memory (MB): peak = 2140.305 ; gain = 0.000 ; free physical = 756 ; free virtual = 4733
---------------------------------------------------------------------------------
INFO: [Synth 8-6157] synthesizing module 'pagerank' [/home/jian/Downloads/pagerank_suite-main/pagerank/edgemap/pagerank_edgemap_hls/solution/syn/verilog/pagerank.v:12]
	Parameter ap_ST_fsm_state1 bound to: 53'b00000000000000000000000000000000000000000000000000001 
	Parameter ap_ST_fsm_state2 bound to: 53'b00000000000000000000000000000000000000000000000000010 
	Parameter ap_ST_fsm_state3 bound to: 53'b00000000000000000000000000000000000000000000000000100 
	Parameter ap_ST_fsm_state4 bound to: 53'b00000000000000000000000000000000000000000000000001000 
	Parameter ap_ST_fsm_state5 bound to: 53'b00000000000000000000000000000000000000000000000010000 
	Parameter ap_ST_fsm_state6 bound to: 53'b00000000000000000000000000000000000000000000000100000 
	Parameter ap_ST_fsm_state7 bound to: 53'b00000000000000000000000000000000000000000000001000000 
	Parameter ap_ST_fsm_state8 bound to: 53'b00000000000000000000000000000000000000000000010000000 
	Parameter ap_ST_fsm_state9 bound to: 53'b00000000000000000000000000000000000000000000100000000 
	Parameter ap_ST_fsm_state10 bound to: 53'b00000000000000000000000000000000000000000001000000000 
	Parameter ap_ST_fsm_state11 bound to: 53'b00000000000000000000000000000000000000000010000000000 
	Parameter ap_ST_fsm_state12 bound to: 53'b00000000000000000000000000000000000000000100000000000 
	Parameter ap_ST_fsm_state13 bound to: 53'b00000000000000000000000000000000000000001000000000000 
	Parameter ap_ST_fsm_state14 bound to: 53'b00000000000000000000000000000000000000010000000000000 
	Parameter ap_ST_fsm_state15 bound to: 53'b00000000000000000000000000000000000000100000000000000 
	Parameter ap_ST_fsm_state16 bound to: 53'b00000000000000000000000000000000000001000000000000000 
	Parameter ap_ST_fsm_state17 bound to: 53'b00000000000000000000000000000000000010000000000000000 
	Parameter ap_ST_fsm_state18 bound to: 53'b00000000000000000000000000000000000100000000000000000 
	Parameter ap_ST_fsm_state19 bound to: 53'b00000000000000000000000000000000001000000000000000000 
	Parameter ap_ST_fsm_state20 bound to: 53'b00000000000000000000000000000000010000000000000000000 
	Parameter ap_ST_fsm_state21 bound to: 53'b00000000000000000000000000000000100000000000000000000 
	Parameter ap_ST_fsm_state22 bound to: 53'b00000000000000000000000000000001000000000000000000000 
	Parameter ap_ST_fsm_state23 bound to: 53'b00000000000000000000000000000010000000000000000000000 
	Parameter ap_ST_fsm_state24 bound to: 53'b00000000000000000000000000000100000000000000000000000 
	Parameter ap_ST_fsm_state25 bound to: 53'b00000000000000000000000000001000000000000000000000000 
	Parameter ap_ST_fsm_state26 bound to: 53'b00000000000000000000000000010000000000000000000000000 
	Parameter ap_ST_fsm_state27 bound to: 53'b00000000000000000000000000100000000000000000000000000 
	Parameter ap_ST_fsm_state28 bound to: 53'b00000000000000000000000001000000000000000000000000000 
	Parameter ap_ST_fsm_state29 bound to: 53'b00000000000000000000000010000000000000000000000000000 
	Parameter ap_ST_fsm_state30 bound to: 53'b00000000000000000000000100000000000000000000000000000 
	Parameter ap_ST_fsm_state31 bound to: 53'b00000000000000000000001000000000000000000000000000000 
	Parameter ap_ST_fsm_state32 bound to: 53'b00000000000000000000010000000000000000000000000000000 
	Parameter ap_ST_fsm_state33 bound to: 53'b00000000000000000000100000000000000000000000000000000 
	Parameter ap_ST_fsm_state34 bound to: 53'b00000000000000000001000000000000000000000000000000000 
	Parameter ap_ST_fsm_state35 bound to: 53'b00000000000000000010000000000000000000000000000000000 
	Parameter ap_ST_fsm_state36 bound to: 53'b00000000000000000100000000000000000000000000000000000 
	Parameter ap_ST_fsm_state37 bound to: 53'b00000000000000001000000000000000000000000000000000000 
	Parameter ap_ST_fsm_state38 bound to: 53'b00000000000000010000000000000000000000000000000000000 
	Parameter ap_ST_fsm_state39 bound to: 53'b00000000000000100000000000000000000000000000000000000 
	Parameter ap_ST_fsm_state40 bound to: 53'b00000000000001000000000000000000000000000000000000000 
	Parameter ap_ST_fsm_state41 bound to: 53'b00000000000010000000000000000000000000000000000000000 
	Parameter ap_ST_fsm_state42 bound to: 53'b00000000000100000000000000000000000000000000000000000 
	Parameter ap_ST_fsm_state43 bound to: 53'b00000000001000000000000000000000000000000000000000000 
	Parameter ap_ST_fsm_state44 bound to: 53'b00000000010000000000000000000000000000000000000000000 
	Parameter ap_ST_fsm_state45 bound to: 53'b00000000100000000000000000000000000000000000000000000 
	Parameter ap_ST_fsm_state46 bound to: 53'b00000001000000000000000000000000000000000000000000000 
	Parameter ap_ST_fsm_state47 bound to: 53'b00000010000000000000000000000000000000000000000000000 
	Parameter ap_ST_fsm_state48 bound to: 53'b00000100000000000000000000000000000000000000000000000 
	Parameter ap_ST_fsm_state49 bound to: 53'b00001000000000000000000000000000000000000000000000000 
	Parameter ap_ST_fsm_state50 bound to: 53'b00010000000000000000000000000000000000000000000000000 
	Parameter ap_ST_fsm_state51 bound to: 53'b00100000000000000000000000000000000000000000000000000 
	Parameter ap_ST_fsm_state52 bound to: 53'b01000000000000000000000000000000000000000000000000000 
	Parameter ap_ST_fsm_state53 bound to: 53'b10000000000000000000000000000000000000000000000000000 
INFO: [Synth 8-6157] synthesizing module 'pagerank_dadddsubbkb' [/home/jian/Downloads/pagerank_suite-main/pagerank/edgemap/pagerank_edgemap_hls/solution/syn/verilog/pagerank_dadddsubbkb.v:8]
	Parameter ID bound to: 1 - type: integer 
	Parameter NUM_STAGE bound to: 4 - type: integer 
	Parameter din0_WIDTH bound to: 64 - type: integer 
	Parameter din1_WIDTH bound to: 64 - type: integer 
	Parameter dout_WIDTH bound to: 64 - type: integer 
INFO: [Synth 8-638] synthesizing module 'pagerank_ap_dadddsub_2_full_dsp_64' [/home/jian/Downloads/pagerank_suite-main/pagerank/edgemap/syn/vivado_syn.srcs/sources_1/ip/pagerank_ap_dadddsub_2_full_dsp_64/synth/pagerank_ap_dadddsub_2_full_dsp_64.vhd:74]
	Parameter C_XDEVICEFAMILY bound to: zynq - type: string 
	Parameter C_PART bound to: xc7z020clg484-1 - type: string 
	Parameter C_HAS_ADD bound to: 1 - type: integer 
	Parameter C_HAS_SUBTRACT bound to: 1 - type: integer 
	Parameter C_HAS_MULTIPLY bound to: 0 - type: integer 
	Parameter C_HAS_DIVIDE bound to: 0 - type: integer 
	Parameter C_HAS_SQRT bound to: 0 - type: integer 
	Parameter C_HAS_COMPARE bound to: 0 - type: integer 
	Parameter C_HAS_FIX_TO_FLT bound to: 0 - type: integer 
	Parameter C_HAS_FLT_TO_FIX bound to: 0 - type: integer 
	Parameter C_HAS_FLT_TO_FLT bound to: 0 - type: integer 
	Parameter C_HAS_RECIP bound to: 0 - type: integer 
	Parameter C_HAS_RECIP_SQRT bound to: 0 - type: integer 
	Parameter C_HAS_ABSOLUTE bound to: 0 - type: integer 
	Parameter C_HAS_LOGARITHM bound to: 0 - type: integer 
	Parameter C_HAS_EXPONENTIAL bound to: 0 - type: integer 
	Parameter C_HAS_FMA bound to: 0 - type: integer 
	Parameter C_HAS_FMS bound to: 0 - type: integer 
	Parameter C_HAS_UNFUSED_MULTIPLY_ADD bound to: 0 - type: integer 
	Parameter C_HAS_UNFUSED_MULTIPLY_SUB bound to: 0 - type: integer 
	Parameter C_HAS_UNFUSED_MULTIPLY_ACCUMULATOR_A bound to: 0 - type: integer 
	Parameter C_HAS_UNFUSED_MULTIPLY_ACCUMULATOR_S bound to: 0 - type: integer 
	Parameter C_HAS_ACCUMULATOR_A bound to: 0 - type: integer 
	Parameter C_HAS_ACCUMULATOR_S bound to: 0 - type: integer 
	Parameter C_HAS_ACCUMULATOR_PRIMITIVE_A bound to: 0 - type: integer 
	Parameter C_HAS_ACCUMULATOR_PRIMITIVE_S bound to: 0 - type: integer 
	Parameter C_A_WIDTH bound to: 64 - type: integer 
	Parameter C_A_FRACTION_WIDTH bound to: 53 - type: integer 
	Parameter C_B_WIDTH bound to: 64 - type: integer 
	Parameter C_B_FRACTION_WIDTH bound to: 53 - type: integer 
	Parameter C_C_WIDTH bound to: 64 - type: integer 
	Parameter C_C_FRACTION_WIDTH bound to: 53 - type: integer 
	Parameter C_RESULT_WIDTH bound to: 64 - type: integer 
	Parameter C_RESULT_FRACTION_WIDTH bound to: 53 - type: integer 
	Parameter C_COMPARE_OPERATION bound to: 8 - type: integer 
	Parameter C_LATENCY bound to: 2 - type: integer 
	Parameter C_OPTIMIZATION bound to: 1 - type: integer 
	Parameter C_MULT_USAGE bound to: 2 - type: integer 
	Parameter C_BRAM_USAGE bound to: 0 - type: integer 
	Parameter C_RATE bound to: 1 - type: integer 
	Parameter C_ACCUM_INPUT_MSB bound to: 32 - type: integer 
	Parameter C_ACCUM_MSB bound to: 32 - type: integer 
	Parameter C_ACCUM_LSB bound to: -31 - type: integer 
	Parameter C_HAS_UNDERFLOW bound to: 0 - type: integer 
	Parameter C_HAS_OVERFLOW bound to: 0 - type: integer 
	Parameter C_HAS_INVALID_OP bound to: 0 - type: integer 
	Parameter C_HAS_DIVIDE_BY_ZERO bound to: 0 - type: integer 
	Parameter C_HAS_ACCUM_OVERFLOW bound to: 0 - type: integer 
	Parameter C_HAS_ACCUM_INPUT_OVERFLOW bound to: 0 - type: integer 
	Parameter C_HAS_ACLKEN bound to: 1 - type: integer 
	Parameter C_HAS_ARESETN bound to: 0 - type: integer 
	Parameter C_THROTTLE_SCHEME bound to: 3 - type: integer 
	Parameter C_HAS_A_TUSER bound to: 0 - type: integer 
	Parameter C_HAS_A_TLAST bound to: 0 - type: integer 
	Parameter C_HAS_B bound to: 1 - type: integer 
	Parameter C_HAS_B_TUSER bound to: 0 - type: integer 
	Parameter C_HAS_B_TLAST bound to: 0 - type: integer 
	Parameter C_HAS_C bound to: 0 - type: integer 
	Parameter C_HAS_C_TUSER bound to: 0 - type: integer 
	Parameter C_HAS_C_TLAST bound to: 0 - type: integer 
	Parameter C_HAS_OPERATION bound to: 1 - type: integer 
	Parameter C_HAS_OPERATION_TUSER bound to: 0 - type: integer 
	Parameter C_HAS_OPERATION_TLAST bound to: 0 - type: integer 
	Parameter C_HAS_RESULT_TUSER bound to: 0 - type: integer 
	Parameter C_HAS_RESULT_TLAST bound to: 0 - type: integer 
	Parameter C_TLAST_RESOLUTION bound to: 0 - type: integer 
	Parameter C_A_TDATA_WIDTH bound to: 64 - type: integer 
	Parameter C_A_TUSER_WIDTH bound to: 1 - type: integer 
	Parameter C_B_TDATA_WIDTH bound to: 64 - type: integer 
	Parameter C_B_TUSER_WIDTH bound to: 1 - type: integer 
	Parameter C_C_TDATA_WIDTH bound to: 64 - type: integer 
	Parameter C_C_TUSER_WIDTH bound to: 1 - type: integer 
	Parameter C_OPERATION_TDATA_WIDTH bound to: 8 - type: integer 
	Parameter C_OPERATION_TUSER_WIDTH bound to: 1 - type: integer 
	Parameter C_RESULT_TDATA_WIDTH bound to: 64 - type: integer 
	Parameter C_RESULT_TUSER_WIDTH bound to: 1 - type: integer 
	Parameter C_FIXED_DATA_UNSIGNED bound to: 0 - type: integer 
INFO: [Synth 8-3491] module 'floating_point_v7_1_10' declared at '/home/jian/Downloads/pagerank_suite-main/pagerank/edgemap/syn/vivado_syn.srcs/sources_1/ip/pagerank_ap_uitodp_1_no_dsp_64/hdl/floating_point_v7_1_rfs.vhd:94738' bound to instance 'U0' of component 'floating_point_v7_1_10' [/home/jian/Downloads/pagerank_suite-main/pagerank/edgemap/syn/vivado_syn.srcs/sources_1/ip/pagerank_ap_dadddsub_2_full_dsp_64/synth/pagerank_ap_dadddsub_2_full_dsp_64.vhd:216]
INFO: [Synth 8-256] done synthesizing module 'pagerank_ap_dadddsub_2_full_dsp_64' (27#1) [/home/jian/Downloads/pagerank_suite-main/pagerank/edgemap/syn/vivado_syn.srcs/sources_1/ip/pagerank_ap_dadddsub_2_full_dsp_64/synth/pagerank_ap_dadddsub_2_full_dsp_64.vhd:74]
INFO: [Synth 8-6155] done synthesizing module 'pagerank_dadddsubbkb' (28#1) [/home/jian/Downloads/pagerank_suite-main/pagerank/edgemap/pagerank_edgemap_hls/solution/syn/verilog/pagerank_dadddsubbkb.v:8]
INFO: [Synth 8-6157] synthesizing module 'pagerank_dmul_64ncud' [/home/jian/Downloads/pagerank_suite-main/pagerank/edgemap/pagerank_edgemap_hls/solution/syn/verilog/pagerank_dmul_64ncud.v:8]
	Parameter ID bound to: 1 - type: integer 
	Parameter NUM_STAGE bound to: 5 - type: integer 
	Parameter din0_WIDTH bound to: 64 - type: integer 
	Parameter din1_WIDTH bound to: 64 - type: integer 
	Parameter dout_WIDTH bound to: 64 - type: integer 
INFO: [Synth 8-638] synthesizing module 'pagerank_ap_dmul_3_max_dsp_64' [/home/jian/Downloads/pagerank_suite-main/pagerank/edgemap/syn/vivado_syn.srcs/sources_1/ip/pagerank_ap_dmul_3_max_dsp_64/synth/pagerank_ap_dmul_3_max_dsp_64.vhd:72]
	Parameter C_XDEVICEFAMILY bound to: zynq - type: string 
	Parameter C_PART bound to: xc7z020clg484-1 - type: string 
	Parameter C_HAS_ADD bound to: 0 - type: integer 
	Parameter C_HAS_SUBTRACT bound to: 0 - type: integer 
	Parameter C_HAS_MULTIPLY bound to: 1 - type: integer 
	Parameter C_HAS_DIVIDE bound to: 0 - type: integer 
	Parameter C_HAS_SQRT bound to: 0 - type: integer 
	Parameter C_HAS_COMPARE bound to: 0 - type: integer 
	Parameter C_HAS_FIX_TO_FLT bound to: 0 - type: integer 
	Parameter C_HAS_FLT_TO_FIX bound to: 0 - type: integer 
	Parameter C_HAS_FLT_TO_FLT bound to: 0 - type: integer 
	Parameter C_HAS_RECIP bound to: 0 - type: integer 
	Parameter C_HAS_RECIP_SQRT bound to: 0 - type: integer 
	Parameter C_HAS_ABSOLUTE bound to: 0 - type: integer 
	Parameter C_HAS_LOGARITHM bound to: 0 - type: integer 
	Parameter C_HAS_EXPONENTIAL bound to: 0 - type: integer 
	Parameter C_HAS_FMA bound to: 0 - type: integer 
	Parameter C_HAS_FMS bound to: 0 - type: integer 
	Parameter C_HAS_UNFUSED_MULTIPLY_ADD bound to: 0 - type: integer 
	Parameter C_HAS_UNFUSED_MULTIPLY_SUB bound to: 0 - type: integer 
	Parameter C_HAS_UNFUSED_MULTIPLY_ACCUMULATOR_A bound to: 0 - type: integer 
	Parameter C_HAS_UNFUSED_MULTIPLY_ACCUMULATOR_S bound to: 0 - type: integer 
	Parameter C_HAS_ACCUMULATOR_A bound to: 0 - type: integer 
	Parameter C_HAS_ACCUMULATOR_S bound to: 0 - type: integer 
	Parameter C_HAS_ACCUMULATOR_PRIMITIVE_A bound to: 0 - type: integer 
	Parameter C_HAS_ACCUMULATOR_PRIMITIVE_S bound to: 0 - type: integer 
	Parameter C_A_WIDTH bound to: 64 - type: integer 
	Parameter C_A_FRACTION_WIDTH bound to: 53 - type: integer 
	Parameter C_B_WIDTH bound to: 64 - type: integer 
	Parameter C_B_FRACTION_WIDTH bound to: 53 - type: integer 
	Parameter C_C_WIDTH bound to: 64 - type: integer 
	Parameter C_C_FRACTION_WIDTH bound to: 53 - type: integer 
	Parameter C_RESULT_WIDTH bound to: 64 - type: integer 
	Parameter C_RESULT_FRACTION_WIDTH bound to: 53 - type: integer 
	Parameter C_COMPARE_OPERATION bound to: 8 - type: integer 
	Parameter C_LATENCY bound to: 3 - type: integer 
	Parameter C_OPTIMIZATION bound to: 1 - type: integer 
	Parameter C_MULT_USAGE bound to: 3 - type: integer 
	Parameter C_BRAM_USAGE bound to: 0 - type: integer 
	Parameter C_RATE bound to: 1 - type: integer 
	Parameter C_ACCUM_INPUT_MSB bound to: 32 - type: integer 
	Parameter C_ACCUM_MSB bound to: 32 - type: integer 
	Parameter C_ACCUM_LSB bound to: -31 - type: integer 
	Parameter C_HAS_UNDERFLOW bound to: 0 - type: integer 
	Parameter C_HAS_OVERFLOW bound to: 0 - type: integer 
	Parameter C_HAS_INVALID_OP bound to: 0 - type: integer 
	Parameter C_HAS_DIVIDE_BY_ZERO bound to: 0 - type: integer 
	Parameter C_HAS_ACCUM_OVERFLOW bound to: 0 - type: integer 
	Parameter C_HAS_ACCUM_INPUT_OVERFLOW bound to: 0 - type: integer 
	Parameter C_HAS_ACLKEN bound to: 1 - type: integer 
	Parameter C_HAS_ARESETN bound to: 0 - type: integer 
	Parameter C_THROTTLE_SCHEME bound to: 3 - type: integer 
	Parameter C_HAS_A_TUSER bound to: 0 - type: integer 
	Parameter C_HAS_A_TLAST bound to: 0 - type: integer 
	Parameter C_HAS_B bound to: 1 - type: integer 
	Parameter C_HAS_B_TUSER bound to: 0 - type: integer 
	Parameter C_HAS_B_TLAST bound to: 0 - type: integer 
	Parameter C_HAS_C bound to: 0 - type: integer 
	Parameter C_HAS_C_TUSER bound to: 0 - type: integer 
	Parameter C_HAS_C_TLAST bound to: 0 - type: integer 
	Parameter C_HAS_OPERATION bound to: 0 - type: integer 
	Parameter C_HAS_OPERATION_TUSER bound to: 0 - type: integer 
	Parameter C_HAS_OPERATION_TLAST bound to: 0 - type: integer 
	Parameter C_HAS_RESULT_TUSER bound to: 0 - type: integer 
	Parameter C_HAS_RESULT_TLAST bound to: 0 - type: integer 
	Parameter C_TLAST_RESOLUTION bound to: 0 - type: integer 
	Parameter C_A_TDATA_WIDTH bound to: 64 - type: integer 
	Parameter C_A_TUSER_WIDTH bound to: 1 - type: integer 
	Parameter C_B_TDATA_WIDTH bound to: 64 - type: integer 
	Parameter C_B_TUSER_WIDTH bound to: 1 - type: integer 
	Parameter C_C_TDATA_WIDTH bound to: 64 - type: integer 
	Parameter C_C_TUSER_WIDTH bound to: 1 - type: integer 
	Parameter C_OPERATION_TDATA_WIDTH bound to: 8 - type: integer 
	Parameter C_OPERATION_TUSER_WIDTH bound to: 1 - type: integer 
	Parameter C_RESULT_TDATA_WIDTH bound to: 64 - type: integer 
	Parameter C_RESULT_TUSER_WIDTH bound to: 1 - type: integer 
	Parameter C_FIXED_DATA_UNSIGNED bound to: 0 - type: integer 
INFO: [Synth 8-3491] module 'floating_point_v7_1_10' declared at '/home/jian/Downloads/pagerank_suite-main/pagerank/edgemap/syn/vivado_syn.srcs/sources_1/ip/pagerank_ap_uitodp_1_no_dsp_64/hdl/floating_point_v7_1_rfs.vhd:94738' bound to instance 'U0' of component 'floating_point_v7_1_10' [/home/jian/Downloads/pagerank_suite-main/pagerank/edgemap/syn/vivado_syn.srcs/sources_1/ip/pagerank_ap_dmul_3_max_dsp_64/synth/pagerank_ap_dmul_3_max_dsp_64.vhd:211]
INFO: [Synth 8-256] done synthesizing module 'pagerank_ap_dmul_3_max_dsp_64' (35#1) [/home/jian/Downloads/pagerank_suite-main/pagerank/edgemap/syn/vivado_syn.srcs/sources_1/ip/pagerank_ap_dmul_3_max_dsp_64/synth/pagerank_ap_dmul_3_max_dsp_64.vhd:72]
INFO: [Synth 8-6155] done synthesizing module 'pagerank_dmul_64ncud' (36#1) [/home/jian/Downloads/pagerank_suite-main/pagerank/edgemap/pagerank_edgemap_hls/solution/syn/verilog/pagerank_dmul_64ncud.v:8]
INFO: [Synth 8-6157] synthesizing module 'pagerank_ddiv_64ndEe' [/home/jian/Downloads/pagerank_suite-main/pagerank/edgemap/pagerank_edgemap_hls/solution/syn/verilog/pagerank_ddiv_64ndEe.v:8]
	Parameter ID bound to: 1 - type: integer 
	Parameter NUM_STAGE bound to: 17 - type: integer 
	Parameter din0_WIDTH bound to: 64 - type: integer 
	Parameter din1_WIDTH bound to: 64 - type: integer 
	Parameter dout_WIDTH bound to: 64 - type: integer 
INFO: [Synth 8-638] synthesizing module 'pagerank_ap_ddiv_15_no_dsp_64' [/home/jian/Downloads/pagerank_suite-main/pagerank/edgemap/syn/vivado_syn.srcs/sources_1/ip/pagerank_ap_ddiv_15_no_dsp_64/synth/pagerank_ap_ddiv_15_no_dsp_64.vhd:72]
	Parameter C_XDEVICEFAMILY bound to: zynq - type: string 
	Parameter C_PART bound to: xc7z020clg484-1 - type: string 
	Parameter C_HAS_ADD bound to: 0 - type: integer 
	Parameter C_HAS_SUBTRACT bound to: 0 - type: integer 
	Parameter C_HAS_MULTIPLY bound to: 0 - type: integer 
	Parameter C_HAS_DIVIDE bound to: 1 - type: integer 
	Parameter C_HAS_SQRT bound to: 0 - type: integer 
	Parameter C_HAS_COMPARE bound to: 0 - type: integer 
	Parameter C_HAS_FIX_TO_FLT bound to: 0 - type: integer 
	Parameter C_HAS_FLT_TO_FIX bound to: 0 - type: integer 
	Parameter C_HAS_FLT_TO_FLT bound to: 0 - type: integer 
	Parameter C_HAS_RECIP bound to: 0 - type: integer 
	Parameter C_HAS_RECIP_SQRT bound to: 0 - type: integer 
	Parameter C_HAS_ABSOLUTE bound to: 0 - type: integer 
	Parameter C_HAS_LOGARITHM bound to: 0 - type: integer 
	Parameter C_HAS_EXPONENTIAL bound to: 0 - type: integer 
	Parameter C_HAS_FMA bound to: 0 - type: integer 
	Parameter C_HAS_FMS bound to: 0 - type: integer 
	Parameter C_HAS_UNFUSED_MULTIPLY_ADD bound to: 0 - type: integer 
	Parameter C_HAS_UNFUSED_MULTIPLY_SUB bound to: 0 - type: integer 
	Parameter C_HAS_UNFUSED_MULTIPLY_ACCUMULATOR_A bound to: 0 - type: integer 
	Parameter C_HAS_UNFUSED_MULTIPLY_ACCUMULATOR_S bound to: 0 - type: integer 
	Parameter C_HAS_ACCUMULATOR_A bound to: 0 - type: integer 
	Parameter C_HAS_ACCUMULATOR_S bound to: 0 - type: integer 
	Parameter C_HAS_ACCUMULATOR_PRIMITIVE_A bound to: 0 - type: integer 
	Parameter C_HAS_ACCUMULATOR_PRIMITIVE_S bound to: 0 - type: integer 
	Parameter C_A_WIDTH bound to: 64 - type: integer 
	Parameter C_A_FRACTION_WIDTH bound to: 53 - type: integer 
	Parameter C_B_WIDTH bound to: 64 - type: integer 
	Parameter C_B_FRACTION_WIDTH bound to: 53 - type: integer 
	Parameter C_C_WIDTH bound to: 64 - type: integer 
	Parameter C_C_FRACTION_WIDTH bound to: 53 - type: integer 
	Parameter C_RESULT_WIDTH bound to: 64 - type: integer 
	Parameter C_RESULT_FRACTION_WIDTH bound to: 53 - type: integer 
	Parameter C_COMPARE_OPERATION bound to: 8 - type: integer 
	Parameter C_LATENCY bound to: 15 - type: integer 
	Parameter C_OPTIMIZATION bound to: 1 - type: integer 
	Parameter C_MULT_USAGE bound to: 0 - type: integer 
	Parameter C_BRAM_USAGE bound to: 0 - type: integer 
	Parameter C_RATE bound to: 1 - type: integer 
	Parameter C_ACCUM_INPUT_MSB bound to: 32 - type: integer 
	Parameter C_ACCUM_MSB bound to: 32 - type: integer 
	Parameter C_ACCUM_LSB bound to: -31 - type: integer 
	Parameter C_HAS_UNDERFLOW bound to: 0 - type: integer 
	Parameter C_HAS_OVERFLOW bound to: 0 - type: integer 
	Parameter C_HAS_INVALID_OP bound to: 0 - type: integer 
	Parameter C_HAS_DIVIDE_BY_ZERO bound to: 0 - type: integer 
	Parameter C_HAS_ACCUM_OVERFLOW bound to: 0 - type: integer 
	Parameter C_HAS_ACCUM_INPUT_OVERFLOW bound to: 0 - type: integer 
	Parameter C_HAS_ACLKEN bound to: 1 - type: integer 
	Parameter C_HAS_ARESETN bound to: 0 - type: integer 
	Parameter C_THROTTLE_SCHEME bound to: 3 - type: integer 
	Parameter C_HAS_A_TUSER bound to: 0 - type: integer 
	Parameter C_HAS_A_TLAST bound to: 0 - type: integer 
	Parameter C_HAS_B bound to: 1 - type: integer 
	Parameter C_HAS_B_TUSER bound to: 0 - type: integer 
	Parameter C_HAS_B_TLAST bound to: 0 - type: integer 
	Parameter C_HAS_C bound to: 0 - type: integer 
	Parameter C_HAS_C_TUSER bound to: 0 - type: integer 
	Parameter C_HAS_C_TLAST bound to: 0 - type: integer 
	Parameter C_HAS_OPERATION bound to: 0 - type: integer 
	Parameter C_HAS_OPERATION_TUSER bound to: 0 - type: integer 
	Parameter C_HAS_OPERATION_TLAST bound to: 0 - type: integer 
	Parameter C_HAS_RESULT_TUSER bound to: 0 - type: integer 
	Parameter C_HAS_RESULT_TLAST bound to: 0 - type: integer 
	Parameter C_TLAST_RESOLUTION bound to: 0 - type: integer 
	Parameter C_A_TDATA_WIDTH bound to: 64 - type: integer 
	Parameter C_A_TUSER_WIDTH bound to: 1 - type: integer 
	Parameter C_B_TDATA_WIDTH bound to: 64 - type: integer 
	Parameter C_B_TUSER_WIDTH bound to: 1 - type: integer 
	Parameter C_C_TDATA_WIDTH bound to: 64 - type: integer 
	Parameter C_C_TUSER_WIDTH bound to: 1 - type: integer 
	Parameter C_OPERATION_TDATA_WIDTH bound to: 8 - type: integer 
	Parameter C_OPERATION_TUSER_WIDTH bound to: 1 - type: integer 
	Parameter C_RESULT_TDATA_WIDTH bound to: 64 - type: integer 
	Parameter C_RESULT_TUSER_WIDTH bound to: 1 - type: integer 
	Parameter C_FIXED_DATA_UNSIGNED bound to: 0 - type: integer 
INFO: [Synth 8-3491] module 'floating_point_v7_1_10' declared at '/home/jian/Downloads/pagerank_suite-main/pagerank/edgemap/syn/vivado_syn.srcs/sources_1/ip/pagerank_ap_uitodp_1_no_dsp_64/hdl/floating_point_v7_1_rfs.vhd:94738' bound to instance 'U0' of component 'floating_point_v7_1_10' [/home/jian/Downloads/pagerank_suite-main/pagerank/edgemap/syn/vivado_syn.srcs/sources_1/ip/pagerank_ap_ddiv_15_no_dsp_64/synth/pagerank_ap_ddiv_15_no_dsp_64.vhd:211]
INFO: [Synth 8-256] done synthesizing module 'pagerank_ap_ddiv_15_no_dsp_64' (41#1) [/home/jian/Downloads/pagerank_suite-main/pagerank/edgemap/syn/vivado_syn.srcs/sources_1/ip/pagerank_ap_ddiv_15_no_dsp_64/synth/pagerank_ap_ddiv_15_no_dsp_64.vhd:72]
INFO: [Synth 8-6155] done synthesizing module 'pagerank_ddiv_64ndEe' (42#1) [/home/jian/Downloads/pagerank_suite-main/pagerank/edgemap/pagerank_edgemap_hls/solution/syn/verilog/pagerank_ddiv_64ndEe.v:8]
INFO: [Synth 8-6157] synthesizing module 'pagerank_dcmp_64neOg' [/home/jian/Downloads/pagerank_suite-main/pagerank/edgemap/pagerank_edgemap_hls/solution/syn/verilog/pagerank_dcmp_64neOg.v:8]
	Parameter ID bound to: 1 - type: integer 
	Parameter NUM_STAGE bound to: 2 - type: integer 
	Parameter din0_WIDTH bound to: 64 - type: integer 
	Parameter din1_WIDTH bound to: 64 - type: integer 
	Parameter dout_WIDTH bound to: 1 - type: integer 
	Parameter AP_OEQ bound to: 5'b00001 
	Parameter AP_OGT bound to: 5'b00010 
	Parameter AP_OGE bound to: 5'b00011 
	Parameter AP_OLT bound to: 5'b00100 
	Parameter AP_OLE bound to: 5'b00101 
	Parameter AP_ONE bound to: 5'b00110 
	Parameter AP_UNO bound to: 5'b01000 
	Parameter OP_EQ bound to: 8'b00010100 
	Parameter OP_GT bound to: 8'b00100100 
	Parameter OP_GE bound to: 8'b00110100 
	Parameter OP_LT bound to: 8'b00001100 
	Parameter OP_LE bound to: 8'b00011100 
	Parameter OP_NE bound to: 8'b00101100 
	Parameter OP_UO bound to: 8'b00000100 
INFO: [Synth 8-638] synthesizing module 'pagerank_ap_dcmp_0_no_dsp_64' [/home/jian/Downloads/pagerank_suite-main/pagerank/edgemap/syn/vivado_syn.srcs/sources_1/ip/pagerank_ap_dcmp_0_no_dsp_64/synth/pagerank_ap_dcmp_0_no_dsp_64.vhd:72]
	Parameter C_XDEVICEFAMILY bound to: zynq - type: string 
	Parameter C_PART bound to: xc7z020clg484-1 - type: string 
	Parameter C_HAS_ADD bound to: 0 - type: integer 
	Parameter C_HAS_SUBTRACT bound to: 0 - type: integer 
	Parameter C_HAS_MULTIPLY bound to: 0 - type: integer 
	Parameter C_HAS_DIVIDE bound to: 0 - type: integer 
	Parameter C_HAS_SQRT bound to: 0 - type: integer 
	Parameter C_HAS_COMPARE bound to: 1 - type: integer 
	Parameter C_HAS_FIX_TO_FLT bound to: 0 - type: integer 
	Parameter C_HAS_FLT_TO_FIX bound to: 0 - type: integer 
	Parameter C_HAS_FLT_TO_FLT bound to: 0 - type: integer 
	Parameter C_HAS_RECIP bound to: 0 - type: integer 
	Parameter C_HAS_RECIP_SQRT bound to: 0 - type: integer 
	Parameter C_HAS_ABSOLUTE bound to: 0 - type: integer 
	Parameter C_HAS_LOGARITHM bound to: 0 - type: integer 
	Parameter C_HAS_EXPONENTIAL bound to: 0 - type: integer 
	Parameter C_HAS_FMA bound to: 0 - type: integer 
	Parameter C_HAS_FMS bound to: 0 - type: integer 
	Parameter C_HAS_UNFUSED_MULTIPLY_ADD bound to: 0 - type: integer 
	Parameter C_HAS_UNFUSED_MULTIPLY_SUB bound to: 0 - type: integer 
	Parameter C_HAS_UNFUSED_MULTIPLY_ACCUMULATOR_A bound to: 0 - type: integer 
	Parameter C_HAS_UNFUSED_MULTIPLY_ACCUMULATOR_S bound to: 0 - type: integer 
	Parameter C_HAS_ACCUMULATOR_A bound to: 0 - type: integer 
	Parameter C_HAS_ACCUMULATOR_S bound to: 0 - type: integer 
	Parameter C_HAS_ACCUMULATOR_PRIMITIVE_A bound to: 0 - type: integer 
	Parameter C_HAS_ACCUMULATOR_PRIMITIVE_S bound to: 0 - type: integer 
	Parameter C_A_WIDTH bound to: 64 - type: integer 
	Parameter C_A_FRACTION_WIDTH bound to: 53 - type: integer 
	Parameter C_B_WIDTH bound to: 64 - type: integer 
	Parameter C_B_FRACTION_WIDTH bound to: 53 - type: integer 
	Parameter C_C_WIDTH bound to: 64 - type: integer 
	Parameter C_C_FRACTION_WIDTH bound to: 53 - type: integer 
	Parameter C_RESULT_WIDTH bound to: 1 - type: integer 
	Parameter C_RESULT_FRACTION_WIDTH bound to: 0 - type: integer 
	Parameter C_COMPARE_OPERATION bound to: 8 - type: integer 
	Parameter C_LATENCY bound to: 0 - type: integer 
	Parameter C_OPTIMIZATION bound to: 1 - type: integer 
	Parameter C_MULT_USAGE bound to: 0 - type: integer 
	Parameter C_BRAM_USAGE bound to: 0 - type: integer 
	Parameter C_RATE bound to: 1 - type: integer 
	Parameter C_ACCUM_INPUT_MSB bound to: 32 - type: integer 
	Parameter C_ACCUM_MSB bound to: 32 - type: integer 
	Parameter C_ACCUM_LSB bound to: -31 - type: integer 
	Parameter C_HAS_UNDERFLOW bound to: 0 - type: integer 
	Parameter C_HAS_OVERFLOW bound to: 0 - type: integer 
	Parameter C_HAS_INVALID_OP bound to: 0 - type: integer 
	Parameter C_HAS_DIVIDE_BY_ZERO bound to: 0 - type: integer 
	Parameter C_HAS_ACCUM_OVERFLOW bound to: 0 - type: integer 
	Parameter C_HAS_ACCUM_INPUT_OVERFLOW bound to: 0 - type: integer 
	Parameter C_HAS_ACLKEN bound to: 0 - type: integer 
	Parameter C_HAS_ARESETN bound to: 0 - type: integer 
	Parameter C_THROTTLE_SCHEME bound to: 3 - type: integer 
	Parameter C_HAS_A_TUSER bound to: 0 - type: integer 
	Parameter C_HAS_A_TLAST bound to: 0 - type: integer 
	Parameter C_HAS_B bound to: 1 - type: integer 
	Parameter C_HAS_B_TUSER bound to: 0 - type: integer 
	Parameter C_HAS_B_TLAST bound to: 0 - type: integer 
	Parameter C_HAS_C bound to: 0 - type: integer 
	Parameter C_HAS_C_TUSER bound to: 0 - type: integer 
	Parameter C_HAS_C_TLAST bound to: 0 - type: integer 
	Parameter C_HAS_OPERATION bound to: 1 - type: integer 
	Parameter C_HAS_OPERATION_TUSER bound to: 0 - type: integer 
	Parameter C_HAS_OPERATION_TLAST bound to: 0 - type: integer 
	Parameter C_HAS_RESULT_TUSER bound to: 0 - type: integer 
	Parameter C_HAS_RESULT_TLAST bound to: 0 - type: integer 
	Parameter C_TLAST_RESOLUTION bound to: 0 - type: integer 
	Parameter C_A_TDATA_WIDTH bound to: 64 - type: integer 
	Parameter C_A_TUSER_WIDTH bound to: 1 - type: integer 
	Parameter C_B_TDATA_WIDTH bound to: 64 - type: integer 
	Parameter C_B_TUSER_WIDTH bound to: 1 - type: integer 
	Parameter C_C_TDATA_WIDTH bound to: 64 - type: integer 
	Parameter C_C_TUSER_WIDTH bound to: 1 - type: integer 
	Parameter C_OPERATION_TDATA_WIDTH bound to: 8 - type: integer 
	Parameter C_OPERATION_TUSER_WIDTH bound to: 1 - type: integer 
	Parameter C_RESULT_TDATA_WIDTH bound to: 8 - type: integer 
	Parameter C_RESULT_TUSER_WIDTH bound to: 1 - type: integer 
	Parameter C_FIXED_DATA_UNSIGNED bound to: 0 - type: integer 
INFO: [Synth 8-3491] module 'floating_point_v7_1_10' declared at '/home/jian/Downloads/pagerank_suite-main/pagerank/edgemap/syn/vivado_syn.srcs/sources_1/ip/pagerank_ap_uitodp_1_no_dsp_64/hdl/floating_point_v7_1_rfs.vhd:94738' bound to instance 'U0' of component 'floating_point_v7_1_10' [/home/jian/Downloads/pagerank_suite-main/pagerank/edgemap/syn/vivado_syn.srcs/sources_1/ip/pagerank_ap_dcmp_0_no_dsp_64/synth/pagerank_ap_dcmp_0_no_dsp_64.vhd:210]
INFO: [Synth 8-256] done synthesizing module 'pagerank_ap_dcmp_0_no_dsp_64' (45#1) [/home/jian/Downloads/pagerank_suite-main/pagerank/edgemap/syn/vivado_syn.srcs/sources_1/ip/pagerank_ap_dcmp_0_no_dsp_64/synth/pagerank_ap_dcmp_0_no_dsp_64.vhd:72]
INFO: [Synth 8-6155] done synthesizing module 'pagerank_dcmp_64neOg' (46#1) [/home/jian/Downloads/pagerank_suite-main/pagerank/edgemap/pagerank_edgemap_hls/solution/syn/verilog/pagerank_dcmp_64neOg.v:8]
INFO: [Synth 8-6157] synthesizing module 'pagerank_uitodp_6fYi' [/home/jian/Downloads/pagerank_suite-main/pagerank/edgemap/pagerank_edgemap_hls/solution/syn/verilog/pagerank_uitodp_6fYi.v:8]
	Parameter ID bound to: 1 - type: integer 
	Parameter NUM_STAGE bound to: 3 - type: integer 
	Parameter din0_WIDTH bound to: 64 - type: integer 
	Parameter dout_WIDTH bound to: 64 - type: integer 
INFO: [Synth 8-638] synthesizing module 'pagerank_ap_uitodp_1_no_dsp_64' [/home/jian/Downloads/pagerank_suite-main/pagerank/edgemap/syn/vivado_syn.srcs/sources_1/ip/pagerank_ap_uitodp_1_no_dsp_64/synth/pagerank_ap_uitodp_1_no_dsp_64.vhd:70]
	Parameter C_XDEVICEFAMILY bound to: zynq - type: string 
	Parameter C_PART bound to: xc7z020clg484-1 - type: string 
	Parameter C_HAS_ADD bound to: 0 - type: integer 
	Parameter C_HAS_SUBTRACT bound to: 0 - type: integer 
	Parameter C_HAS_MULTIPLY bound to: 0 - type: integer 
	Parameter C_HAS_DIVIDE bound to: 0 - type: integer 
	Parameter C_HAS_SQRT bound to: 0 - type: integer 
	Parameter C_HAS_COMPARE bound to: 0 - type: integer 
	Parameter C_HAS_FIX_TO_FLT bound to: 1 - type: integer 
	Parameter C_HAS_FLT_TO_FIX bound to: 0 - type: integer 
	Parameter C_HAS_FLT_TO_FLT bound to: 0 - type: integer 
	Parameter C_HAS_RECIP bound to: 0 - type: integer 
	Parameter C_HAS_RECIP_SQRT bound to: 0 - type: integer 
	Parameter C_HAS_ABSOLUTE bound to: 0 - type: integer 
	Parameter C_HAS_LOGARITHM bound to: 0 - type: integer 
	Parameter C_HAS_EXPONENTIAL bound to: 0 - type: integer 
	Parameter C_HAS_FMA bound to: 0 - type: integer 
	Parameter C_HAS_FMS bound to: 0 - type: integer 
	Parameter C_HAS_UNFUSED_MULTIPLY_ADD bound to: 0 - type: integer 
	Parameter C_HAS_UNFUSED_MULTIPLY_SUB bound to: 0 - type: integer 
	Parameter C_HAS_UNFUSED_MULTIPLY_ACCUMULATOR_A bound to: 0 - type: integer 
	Parameter C_HAS_UNFUSED_MULTIPLY_ACCUMULATOR_S bound to: 0 - type: integer 
	Parameter C_HAS_ACCUMULATOR_A bound to: 0 - type: integer 
	Parameter C_HAS_ACCUMULATOR_S bound to: 0 - type: integer 
	Parameter C_HAS_ACCUMULATOR_PRIMITIVE_A bound to: 0 - type: integer 
	Parameter C_HAS_ACCUMULATOR_PRIMITIVE_S bound to: 0 - type: integer 
	Parameter C_A_WIDTH bound to: 64 - type: integer 
	Parameter C_A_FRACTION_WIDTH bound to: 0 - type: integer 
	Parameter C_B_WIDTH bound to: 64 - type: integer 
	Parameter C_B_FRACTION_WIDTH bound to: 0 - type: integer 
	Parameter C_C_WIDTH bound to: 64 - type: integer 
	Parameter C_C_FRACTION_WIDTH bound to: 0 - type: integer 
	Parameter C_RESULT_WIDTH bound to: 64 - type: integer 
	Parameter C_RESULT_FRACTION_WIDTH bound to: 53 - type: integer 
	Parameter C_COMPARE_OPERATION bound to: 8 - type: integer 
	Parameter C_LATENCY bound to: 1 - type: integer 
	Parameter C_OPTIMIZATION bound to: 1 - type: integer 
	Parameter C_MULT_USAGE bound to: 0 - type: integer 
	Parameter C_BRAM_USAGE bound to: 0 - type: integer 
	Parameter C_RATE bound to: 1 - type: integer 
	Parameter C_ACCUM_INPUT_MSB bound to: 32 - type: integer 
	Parameter C_ACCUM_MSB bound to: 32 - type: integer 
	Parameter C_ACCUM_LSB bound to: -31 - type: integer 
	Parameter C_HAS_UNDERFLOW bound to: 0 - type: integer 
	Parameter C_HAS_OVERFLOW bound to: 0 - type: integer 
	Parameter C_HAS_INVALID_OP bound to: 0 - type: integer 
	Parameter C_HAS_DIVIDE_BY_ZERO bound to: 0 - type: integer 
	Parameter C_HAS_ACCUM_OVERFLOW bound to: 0 - type: integer 
	Parameter C_HAS_ACCUM_INPUT_OVERFLOW bound to: 0 - type: integer 
	Parameter C_HAS_ACLKEN bound to: 1 - type: integer 
	Parameter C_HAS_ARESETN bound to: 0 - type: integer 
	Parameter C_THROTTLE_SCHEME bound to: 3 - type: integer 
	Parameter C_HAS_A_TUSER bound to: 0 - type: integer 
	Parameter C_HAS_A_TLAST bound to: 0 - type: integer 
	Parameter C_HAS_B bound to: 0 - type: integer 
	Parameter C_HAS_B_TUSER bound to: 0 - type: integer 
	Parameter C_HAS_B_TLAST bound to: 0 - type: integer 
	Parameter C_HAS_C bound to: 0 - type: integer 
	Parameter C_HAS_C_TUSER bound to: 0 - type: integer 
	Parameter C_HAS_C_TLAST bound to: 0 - type: integer 
	Parameter C_HAS_OPERATION bound to: 0 - type: integer 
	Parameter C_HAS_OPERATION_TUSER bound to: 0 - type: integer 
	Parameter C_HAS_OPERATION_TLAST bound to: 0 - type: integer 
	Parameter C_HAS_RESULT_TUSER bound to: 0 - type: integer 
	Parameter C_HAS_RESULT_TLAST bound to: 0 - type: integer 
	Parameter C_TLAST_RESOLUTION bound to: 0 - type: integer 
	Parameter C_A_TDATA_WIDTH bound to: 64 - type: integer 
	Parameter C_A_TUSER_WIDTH bound to: 1 - type: integer 
	Parameter C_B_TDATA_WIDTH bound to: 64 - type: integer 
	Parameter C_B_TUSER_WIDTH bound to: 1 - type: integer 
	Parameter C_C_TDATA_WIDTH bound to: 64 - type: integer 
	Parameter C_C_TUSER_WIDTH bound to: 1 - type: integer 
	Parameter C_OPERATION_TDATA_WIDTH bound to: 8 - type: integer 
	Parameter C_OPERATION_TUSER_WIDTH bound to: 1 - type: integer 
	Parameter C_RESULT_TDATA_WIDTH bound to: 64 - type: integer 
	Parameter C_RESULT_TUSER_WIDTH bound to: 1 - type: integer 
	Parameter C_FIXED_DATA_UNSIGNED bound to: 1 - type: integer 
INFO: [Synth 8-3491] module 'floating_point_v7_1_10' declared at '/home/jian/Downloads/pagerank_suite-main/pagerank/edgemap/syn/vivado_syn.srcs/sources_1/ip/pagerank_ap_uitodp_1_no_dsp_64/hdl/floating_point_v7_1_rfs.vhd:94738' bound to instance 'U0' of component 'floating_point_v7_1_10' [/home/jian/Downloads/pagerank_suite-main/pagerank/edgemap/syn/vivado_syn.srcs/sources_1/ip/pagerank_ap_uitodp_1_no_dsp_64/synth/pagerank_ap_uitodp_1_no_dsp_64.vhd:206]
INFO: [Synth 8-256] done synthesizing module 'pagerank_ap_uitodp_1_no_dsp_64' (50#1) [/home/jian/Downloads/pagerank_suite-main/pagerank/edgemap/syn/vivado_syn.srcs/sources_1/ip/pagerank_ap_uitodp_1_no_dsp_64/synth/pagerank_ap_uitodp_1_no_dsp_64.vhd:70]
INFO: [Synth 8-6155] done synthesizing module 'pagerank_uitodp_6fYi' (51#1) [/home/jian/Downloads/pagerank_suite-main/pagerank/edgemap/pagerank_edgemap_hls/solution/syn/verilog/pagerank_uitodp_6fYi.v:8]
WARNING: [Synth 8-589] replacing case/wildcard equality operator === with logical equality operator == [/home/jian/Downloads/pagerank_suite-main/pagerank/edgemap/pagerank_edgemap_hls/solution/syn/verilog/pagerank.v:988]
WARNING: [Synth 8-589] replacing case/wildcard equality operator === with logical equality operator == [/home/jian/Downloads/pagerank_suite-main/pagerank/edgemap/pagerank_edgemap_hls/solution/syn/verilog/pagerank.v:998]
INFO: [Synth 8-6155] done synthesizing module 'pagerank' (52#1) [/home/jian/Downloads/pagerank_suite-main/pagerank/edgemap/pagerank_edgemap_hls/solution/syn/verilog/pagerank.v:12]
---------------------------------------------------------------------------------
Finished RTL Elaboration : Time (s): cpu = 00:00:23 ; elapsed = 00:00:31 . Memory (MB): peak = 2252.230 ; gain = 111.926 ; free physical = 831 ; free virtual = 4812
---------------------------------------------------------------------------------
---------------------------------------------------------------------------------
Start Handling Custom Attributes
---------------------------------------------------------------------------------
---------------------------------------------------------------------------------
Finished Handling Custom Attributes : Time (s): cpu = 00:00:24 ; elapsed = 00:00:33 . Memory (MB): peak = 2267.074 ; gain = 126.770 ; free physical = 801 ; free virtual = 4780
---------------------------------------------------------------------------------
---------------------------------------------------------------------------------
Finished RTL Optimization Phase 1 : Time (s): cpu = 00:00:24 ; elapsed = 00:00:33 . Memory (MB): peak = 2267.074 ; gain = 126.770 ; free physical = 801 ; free virtual = 4780
---------------------------------------------------------------------------------
Netlist sorting complete. Time (s): cpu = 00:00:00.49 ; elapsed = 00:00:00.51 . Memory (MB): peak = 2275.012 ; gain = 0.000 ; free physical = 753 ; free virtual = 4732
INFO: [Netlist 29-17] Analyzing 6595 Unisim elements for replacement
INFO: [Netlist 29-28] Unisim Transformation completed in 0 CPU seconds
INFO: [Project 1-570] Preparing netlist for logic optimization

Processing XDC Constraints
Initializing timing engine
Parsing XDC File [/home/jian/Downloads/pagerank_suite-main/pagerank/edgemap/xdc.xdc]
Finished Parsing XDC File [/home/jian/Downloads/pagerank_suite-main/pagerank/edgemap/xdc.xdc]
Parsing XDC File [/home/jian/Downloads/pagerank_suite-main/pagerank/edgemap/syn/vivado_syn.runs/synth_1/dont_touch.xdc]
Finished Parsing XDC File [/home/jian/Downloads/pagerank_suite-main/pagerank/edgemap/syn/vivado_syn.runs/synth_1/dont_touch.xdc]
Completed Processing XDC Constraints

Netlist sorting complete. Time (s): cpu = 00:00:00 ; elapsed = 00:00:00.01 . Memory (MB): peak = 2404.840 ; gain = 0.000 ; free physical = 597 ; free virtual = 4587
INFO: [Project 1-111] Unisim Transformation Summary:
  A total of 5 instances were transformed.
  FDE => FDRE: 5 instances

Constraint Validation Runtime : Time (s): cpu = 00:00:00.24 ; elapsed = 00:00:00.19 . Memory (MB): peak = 2404.840 ; gain = 0.000 ; free physical = 613 ; free virtual = 4608
---------------------------------------------------------------------------------
Finished Constraint Validation : Time (s): cpu = 00:00:39 ; elapsed = 00:00:49 . Memory (MB): peak = 2404.840 ; gain = 264.535 ; free physical = 717 ; free virtual = 4736
---------------------------------------------------------------------------------
---------------------------------------------------------------------------------
Start Loading Part and Timing Information
---------------------------------------------------------------------------------
Loading part: xc7z020clg484-1
---------------------------------------------------------------------------------
Finished Loading Part and Timing Information : Time (s): cpu = 00:00:39 ; elapsed = 00:00:49 . Memory (MB): peak = 2404.840 ; gain = 264.535 ; free physical = 717 ; free virtual = 4736
---------------------------------------------------------------------------------
---------------------------------------------------------------------------------
Start Applying 'set_property' XDC Constraints
---------------------------------------------------------------------------------
Applied set_property DONT_TOUCH = true for pagerank_uitodp_6fYi_U5/pagerank_ap_uitodp_1_no_dsp_64_u. (constraint file  auto generated constraint, line ).
Applied set_property DONT_TOUCH = true for pagerank_dcmp_64neOg_U4/pagerank_ap_dcmp_0_no_dsp_64_u. (constraint file  auto generated constraint, line ).
Applied set_property DONT_TOUCH = true for pagerank_ddiv_64ndEe_U3/pagerank_ap_ddiv_15_no_dsp_64_u. (constraint file  auto generated constraint, line ).
Applied set_property DONT_TOUCH = true for pagerank_dmul_64ncud_U2/pagerank_ap_dmul_3_max_dsp_64_u. (constraint file  auto generated constraint, line ).
Applied set_property DONT_TOUCH = true for pagerank_dadddsubbkb_U1/pagerank_ap_dadddsub_2_full_dsp_64_u. (constraint file  auto generated constraint, line ).
---------------------------------------------------------------------------------
Finished applying 'set_property' XDC Constraints : Time (s): cpu = 00:00:39 ; elapsed = 00:00:49 . Memory (MB): peak = 2404.840 ; gain = 264.535 ; free physical = 720 ; free virtual = 4739
---------------------------------------------------------------------------------
INFO: [Synth 8-4490] FSM extraction disabled for register 'ap_CS_fsm_reg' through user attribute
INFO: [Synth 8-4490] FSM extraction disabled for register 'ap_CS_fsm_reg' through user attribute
---------------------------------------------------------------------------------
Finished RTL Optimization Phase 2 : Time (s): cpu = 00:00:44 ; elapsed = 00:00:54 . Memory (MB): peak = 2404.840 ; gain = 264.535 ; free physical = 700 ; free virtual = 4726
---------------------------------------------------------------------------------
INFO: [Synth 8-223] decloning instance 'pagerank_dadddsubbkb_U1/pagerank_ap_dadddsub_2_full_dsp_64_u/U0/i_synth/ADDSUB_OP.ADDSUB/LOGIC_SPEED.OP/ALIGN_BLK/SUB_DELAY' (delay__parameterized1) to 'pagerank_dadddsubbkb_U1/pagerank_ap_dadddsub_2_full_dsp_64_u/U0/i_synth/ADDSUB_OP.ADDSUB/LOGIC_SPEED.OP/ALIGN_BLK/SUBTRACT_PREADD_DEL'
INFO: [Synth 8-223] decloning instance 'pagerank_dadddsubbkb_U1/pagerank_ap_dadddsub_2_full_dsp_64_u/U0/i_synth/ADDSUB_OP.ADDSUB/LOGIC_SPEED.OP/NORM/ROUND/EXTRA_LSB_BIT_DEL' (delay__parameterized1) to 'pagerank_dadddsubbkb_U1/pagerank_ap_dadddsub_2_full_dsp_64_u/U0/i_synth/ADDSUB_OP.ADDSUB/LOGIC_SPEED.OP/NORM/ROUND/EXTRA_LSB_RND1_DEL'
INFO: [Synth 8-223] decloning instance 'pagerank_dadddsubbkb_U1/pagerank_ap_dadddsub_2_full_dsp_64_u/U0/i_synth/ADDSUB_OP.ADDSUB/LOGIC_SPEED.OP/NORM/ROUND/EXP_INC_DELAY' (delay__parameterized1) to 'pagerank_dadddsubbkb_U1/pagerank_ap_dadddsub_2_full_dsp_64_u/U0/i_synth/ADDSUB_OP.ADDSUB/LOGIC_SPEED.OP/NORM/ROUND/EXP_INC_RND1_DELAY'
INFO: [Synth 8-223] decloning instance 'pagerank_dadddsubbkb_U1/pagerank_ap_dadddsub_2_full_dsp_64_u/U0/i_synth/DELAY_DIVIDE_BY_ZERO' (delay__parameterized1) to 'pagerank_dadddsubbkb_U1/pagerank_ap_dadddsub_2_full_dsp_64_u/U0/i_synth/DELAY_ACCUM_OVERFLOW'
INFO: [Synth 8-223] decloning instance 'pagerank_dadddsubbkb_U1/pagerank_ap_dadddsub_2_full_dsp_64_u/U0/i_synth/DELAY_DIVIDE_BY_ZERO' (delay__parameterized1) to 'pagerank_dadddsubbkb_U1/pagerank_ap_dadddsub_2_full_dsp_64_u/U0/i_synth/DELAY_ACCUM_INPUT_OVERFLOW'
INFO: [Synth 8-223] decloning instance 'pagerank_dmul_64ncud_U2/pagerank_ap_dmul_3_max_dsp_64_u/U0/i_synth/MULT.OP/i_non_prim.R_AND_R/LOGIC.R_AND_R/EXTRA_LSB_BIT_DEL' (delay__parameterized1) to 'pagerank_dmul_64ncud_U2/pagerank_ap_dmul_3_max_dsp_64_u/U0/i_synth/MULT.OP/i_non_prim.R_AND_R/LOGIC.R_AND_R/EXTRA_LSB_RND1_DEL'
INFO: [Synth 8-223] decloning instance 'pagerank_dmul_64ncud_U2/pagerank_ap_dmul_3_max_dsp_64_u/U0/i_synth/MULT.OP/i_non_prim.R_AND_R/LOGIC.R_AND_R/EXP_INC_DELAY' (delay__parameterized1) to 'pagerank_dmul_64ncud_U2/pagerank_ap_dmul_3_max_dsp_64_u/U0/i_synth/MULT.OP/i_non_prim.R_AND_R/LOGIC.R_AND_R/EXP_INC_RND1_DELAY'
INFO: [Synth 8-223] decloning instance 'pagerank_dmul_64ncud_U2/pagerank_ap_dmul_3_max_dsp_64_u/U0/i_synth/MULT.OP/i_non_prim.R_AND_R/LOGIC.R_AND_R/EXP_IN_DELAY.EXP_IN_DEL' (delay__parameterized46) to 'pagerank_dmul_64ncud_U2/pagerank_ap_dmul_3_max_dsp_64_u/U0/i_synth/MULT.OP/i_non_prim.R_AND_R/LOGIC.R_AND_R/EXP_RND2_DELAY.EXP_RND_DEL'
INFO: [Synth 8-223] decloning instance 'pagerank_dmul_64ncud_U2/pagerank_ap_dmul_3_max_dsp_64_u/U0/i_synth/MULT.OP/i_non_prim.R_AND_R/LOGIC.R_AND_R/EXP_IN_DELAY.EXP_OFF_OP_DEL' (delay__parameterized46) to 'pagerank_dmul_64ncud_U2/pagerank_ap_dmul_3_max_dsp_64_u/U0/i_synth/MULT.OP/i_non_prim.R_AND_R/LOGIC.R_AND_R/EXP_RND2_DELAY.EXP_OFF_RND_DEL'
INFO: [Synth 8-223] decloning instance 'pagerank_dmul_64ncud_U2/pagerank_ap_dmul_3_max_dsp_64_u/U0/i_synth/DELAY_DIVIDE_BY_ZERO' (delay__parameterized1) to 'pagerank_dmul_64ncud_U2/pagerank_ap_dmul_3_max_dsp_64_u/U0/i_synth/DELAY_ACCUM_OVERFLOW'
INFO: [Synth 8-223] decloning instance 'pagerank_dmul_64ncud_U2/pagerank_ap_dmul_3_max_dsp_64_u/U0/i_synth/DELAY_DIVIDE_BY_ZERO' (delay__parameterized1) to 'pagerank_dmul_64ncud_U2/pagerank_ap_dmul_3_max_dsp_64_u/U0/i_synth/DELAY_ACCUM_INPUT_OVERFLOW'
INFO: [Synth 8-223] decloning instance 'pagerank_ddiv_64ndEe_U3/pagerank_ap_ddiv_15_no_dsp_64_u/U0/i_synth/DIV_OP.SPD.OP/ROUND/EXTRA_LSB_BIT_DEL' (delay__parameterized1) to 'pagerank_ddiv_64ndEe_U3/pagerank_ap_ddiv_15_no_dsp_64_u/U0/i_synth/DIV_OP.SPD.OP/ROUND/EXTRA_LSB_RND1_DEL'
INFO: [Synth 8-223] decloning instance 'pagerank_ddiv_64ndEe_U3/pagerank_ap_ddiv_15_no_dsp_64_u/U0/i_synth/DIV_OP.SPD.OP/ROUND/EXP_INC_DELAY' (delay__parameterized1) to 'pagerank_ddiv_64ndEe_U3/pagerank_ap_ddiv_15_no_dsp_64_u/U0/i_synth/DIV_OP.SPD.OP/ROUND/EXP_INC_RND1_DELAY'
INFO: [Synth 8-223] decloning instance 'pagerank_ddiv_64ndEe_U3/pagerank_ap_ddiv_15_no_dsp_64_u/U0/i_synth/DIV_OP.SPD.OP/ROUND/EXP_IN_DELAY.EXP_IN_DEL' (delay__parameterized46) to 'pagerank_ddiv_64ndEe_U3/pagerank_ap_ddiv_15_no_dsp_64_u/U0/i_synth/DIV_OP.SPD.OP/ROUND/EXP_RND2_DELAY.EXP_RND_DEL'
INFO: [Synth 8-223] decloning instance 'pagerank_ddiv_64ndEe_U3/pagerank_ap_ddiv_15_no_dsp_64_u/U0/i_synth/DIV_OP.SPD.OP/ROUND/EXP_IN_DELAY.EXP_OFF_OP_DEL' (delay__parameterized46) to 'pagerank_ddiv_64ndEe_U3/pagerank_ap_ddiv_15_no_dsp_64_u/U0/i_synth/DIV_OP.SPD.OP/ROUND/EXP_RND2_DELAY.EXP_OFF_RND_DEL'
INFO: [Synth 8-223] decloning instance 'pagerank_ddiv_64ndEe_U3/pagerank_ap_ddiv_15_no_dsp_64_u/U0/i_synth/DELAY_ACCUM_OVERFLOW' (delay__parameterized1) to 'pagerank_ddiv_64ndEe_U3/pagerank_ap_ddiv_15_no_dsp_64_u/U0/i_synth/DELAY_ACCUM_INPUT_OVERFLOW'
INFO: [Synth 8-223] decloning instance 'pagerank_dcmp_64neOg_U4/pagerank_ap_dcmp_0_no_dsp_64_u/U0/i_synth/DELAY_DIVIDE_BY_ZERO' (delay__parameterized1) to 'pagerank_dcmp_64neOg_U4/pagerank_ap_dcmp_0_no_dsp_64_u/U0/i_synth/DELAY_OVERFLOW'
INFO: [Synth 8-223] decloning instance 'pagerank_dcmp_64neOg_U4/pagerank_ap_dcmp_0_no_dsp_64_u/U0/i_synth/DELAY_DIVIDE_BY_ZERO' (delay__parameterized1) to 'pagerank_dcmp_64neOg_U4/pagerank_ap_dcmp_0_no_dsp_64_u/U0/i_synth/DELAY_UNDERFLOW'
INFO: [Synth 8-223] decloning instance 'pagerank_dcmp_64neOg_U4/pagerank_ap_dcmp_0_no_dsp_64_u/U0/i_synth/DELAY_DIVIDE_BY_ZERO' (delay__parameterized1) to 'pagerank_dcmp_64neOg_U4/pagerank_ap_dcmp_0_no_dsp_64_u/U0/i_synth/DELAY_ACCUM_OVERFLOW'
INFO: [Synth 8-223] decloning instance 'pagerank_dcmp_64neOg_U4/pagerank_ap_dcmp_0_no_dsp_64_u/U0/i_synth/DELAY_DIVIDE_BY_ZERO' (delay__parameterized1) to 'pagerank_dcmp_64neOg_U4/pagerank_ap_dcmp_0_no_dsp_64_u/U0/i_synth/DELAY_ACCUM_INPUT_OVERFLOW'
INFO: [Synth 8-223] decloning instance 'pagerank_uitodp_6fYi_U5/pagerank_ap_uitodp_1_no_dsp_64_u/U0/i_synth/FIX_TO_FLT_OP.SPD.OP/ROUND/EXTRA_LSB_BIT_DEL' (delay__parameterized1) to 'pagerank_uitodp_6fYi_U5/pagerank_ap_uitodp_1_no_dsp_64_u/U0/i_synth/FIX_TO_FLT_OP.SPD.OP/ROUND/EXTRA_LSB_RND1_DEL'
INFO: [Synth 8-223] decloning instance 'pagerank_uitodp_6fYi_U5/pagerank_ap_uitodp_1_no_dsp_64_u/U0/i_synth/FIX_TO_FLT_OP.SPD.OP/ROUND/EXP_INC_DELAY' (delay__parameterized1) to 'pagerank_uitodp_6fYi_U5/pagerank_ap_uitodp_1_no_dsp_64_u/U0/i_synth/FIX_TO_FLT_OP.SPD.OP/ROUND/EXP_INC_RND1_DELAY'
INFO: [Synth 8-223] decloning instance 'pagerank_uitodp_6fYi_U5/pagerank_ap_uitodp_1_no_dsp_64_u/U0/i_synth/FIX_TO_FLT_OP.SPD.OP/ROUND/EXP_IN_DELAY.EXP_IN_DEL' (delay__parameterized46) to 'pagerank_uitodp_6fYi_U5/pagerank_ap_uitodp_1_no_dsp_64_u/U0/i_synth/FIX_TO_FLT_OP.SPD.OP/ROUND/EXP_RND2_DELAY.EXP_RND_DEL'
INFO: [Synth 8-223] decloning instance 'pagerank_uitodp_6fYi_U5/pagerank_ap_uitodp_1_no_dsp_64_u/U0/i_synth/FIX_TO_FLT_OP.SPD.OP/ROUND/EXP_IN_DELAY.EXP_OFF_OP_DEL' (delay__parameterized46) to 'pagerank_uitodp_6fYi_U5/pagerank_ap_uitodp_1_no_dsp_64_u/U0/i_synth/FIX_TO_FLT_OP.SPD.OP/ROUND/EXP_RND2_DELAY.EXP_OFF_RND_DEL'
INFO: [Synth 8-223] decloning instance 'pagerank_uitodp_6fYi_U5/pagerank_ap_uitodp_1_no_dsp_64_u/U0/i_synth/DELAY_INVALID_OP' (delay__parameterized1) to 'pagerank_uitodp_6fYi_U5/pagerank_ap_uitodp_1_no_dsp_64_u/U0/i_synth/DELAY_DIVIDE_BY_ZERO'
INFO: [Synth 8-223] decloning instance 'pagerank_uitodp_6fYi_U5/pagerank_ap_uitodp_1_no_dsp_64_u/U0/i_synth/DELAY_INVALID_OP' (delay__parameterized1) to 'pagerank_uitodp_6fYi_U5/pagerank_ap_uitodp_1_no_dsp_64_u/U0/i_synth/DELAY_OVERFLOW'
INFO: [Synth 8-223] decloning instance 'pagerank_uitodp_6fYi_U5/pagerank_ap_uitodp_1_no_dsp_64_u/U0/i_synth/DELAY_INVALID_OP' (delay__parameterized1) to 'pagerank_uitodp_6fYi_U5/pagerank_ap_uitodp_1_no_dsp_64_u/U0/i_synth/DELAY_UNDERFLOW'
INFO: [Synth 8-223] decloning instance 'pagerank_uitodp_6fYi_U5/pagerank_ap_uitodp_1_no_dsp_64_u/U0/i_synth/DELAY_INVALID_OP' (delay__parameterized1) to 'pagerank_uitodp_6fYi_U5/pagerank_ap_uitodp_1_no_dsp_64_u/U0/i_synth/DELAY_ACCUM_OVERFLOW'
INFO: [Synth 8-223] decloning instance 'pagerank_uitodp_6fYi_U5/pagerank_ap_uitodp_1_no_dsp_64_u/U0/i_synth/DELAY_INVALID_OP' (delay__parameterized1) to 'pagerank_uitodp_6fYi_U5/pagerank_ap_uitodp_1_no_dsp_64_u/U0/i_synth/DELAY_ACCUM_INPUT_OVERFLOW'
---------------------------------------------------------------------------------
Start RTL Component Statistics 
---------------------------------------------------------------------------------
---------------------------------------------------------------------------------
Finished RTL Component Statistics 
---------------------------------------------------------------------------------
---------------------------------------------------------------------------------
Start Part Resource Summary
---------------------------------------------------------------------------------
Part Resources:
DSPs: 220 (col length:60)
BRAMs: 280 (col length: RAMB18 60 RAMB36 30)
---------------------------------------------------------------------------------
Finished Part Resource Summary
---------------------------------------------------------------------------------
---------------------------------------------------------------------------------
Start Cross Boundary and Area Optimization
---------------------------------------------------------------------------------
---------------------------------------------------------------------------------
Finished Cross Boundary and Area Optimization : Time (s): cpu = 00:01:04 ; elapsed = 00:01:16 . Memory (MB): peak = 2404.840 ; gain = 264.535 ; free physical = 651 ; free virtual = 4684
---------------------------------------------------------------------------------
---------------------------------------------------------------------------------
Start Applying XDC Timing Constraints
---------------------------------------------------------------------------------
---------------------------------------------------------------------------------
Finished Applying XDC Timing Constraints : Time (s): cpu = 00:01:18 ; elapsed = 00:01:31 . Memory (MB): peak = 2404.840 ; gain = 264.535 ; free physical = 459 ; free virtual = 4499
---------------------------------------------------------------------------------
---------------------------------------------------------------------------------
Start Timing Optimization
---------------------------------------------------------------------------------
---------------------------------------------------------------------------------
Finished Timing Optimization : Time (s): cpu = 00:01:22 ; elapsed = 00:01:36 . Memory (MB): peak = 2405.840 ; gain = 265.535 ; free physical = 444 ; free virtual = 4484
---------------------------------------------------------------------------------
---------------------------------------------------------------------------------
Start Technology Mapping
---------------------------------------------------------------------------------
---------------------------------------------------------------------------------
Finished Technology Mapping : Time (s): cpu = 00:01:32 ; elapsed = 00:01:46 . Memory (MB): peak = 2433.887 ; gain = 293.582 ; free physical = 533 ; free virtual = 4574
---------------------------------------------------------------------------------
---------------------------------------------------------------------------------
Start IO Insertion
---------------------------------------------------------------------------------
---------------------------------------------------------------------------------
Start Flattening Before IO Insertion
---------------------------------------------------------------------------------
---------------------------------------------------------------------------------
Finished Flattening Before IO Insertion
---------------------------------------------------------------------------------
---------------------------------------------------------------------------------
Start Final Netlist Cleanup
---------------------------------------------------------------------------------
---------------------------------------------------------------------------------
Finished Final Netlist Cleanup
---------------------------------------------------------------------------------
---------------------------------------------------------------------------------
Finished IO Insertion : Time (s): cpu = 00:01:38 ; elapsed = 00:01:53 . Memory (MB): peak = 2433.887 ; gain = 293.582 ; free physical = 533 ; free virtual = 4573
---------------------------------------------------------------------------------
---------------------------------------------------------------------------------
Start Renaming Generated Instances
---------------------------------------------------------------------------------
---------------------------------------------------------------------------------
Finished Renaming Generated Instances : Time (s): cpu = 00:01:39 ; elapsed = 00:01:53 . Memory (MB): peak = 2433.887 ; gain = 293.582 ; free physical = 533 ; free virtual = 4573
---------------------------------------------------------------------------------
---------------------------------------------------------------------------------
Start Rebuilding User Hierarchy
---------------------------------------------------------------------------------
---------------------------------------------------------------------------------
Finished Rebuilding User Hierarchy : Time (s): cpu = 00:01:42 ; elapsed = 00:01:57 . Memory (MB): peak = 2433.887 ; gain = 293.582 ; free physical = 530 ; free virtual = 4570
---------------------------------------------------------------------------------
---------------------------------------------------------------------------------
Start Renaming Generated Ports
---------------------------------------------------------------------------------
---------------------------------------------------------------------------------
Finished Renaming Generated Ports : Time (s): cpu = 00:01:42 ; elapsed = 00:01:57 . Memory (MB): peak = 2433.887 ; gain = 293.582 ; free physical = 530 ; free virtual = 4570
---------------------------------------------------------------------------------
---------------------------------------------------------------------------------
Start Handling Custom Attributes
---------------------------------------------------------------------------------
---------------------------------------------------------------------------------
Finished Handling Custom Attributes : Time (s): cpu = 00:01:43 ; elapsed = 00:01:57 . Memory (MB): peak = 2433.887 ; gain = 293.582 ; free physical = 528 ; free virtual = 4569
---------------------------------------------------------------------------------
---------------------------------------------------------------------------------
Start Renaming Generated Nets
---------------------------------------------------------------------------------
---------------------------------------------------------------------------------
Finished Renaming Generated Nets : Time (s): cpu = 00:01:43 ; elapsed = 00:01:57 . Memory (MB): peak = 2433.887 ; gain = 293.582 ; free physical = 528 ; free virtual = 4569
---------------------------------------------------------------------------------
---------------------------------------------------------------------------------
Start Writing Synthesis Report
---------------------------------------------------------------------------------

Report BlackBoxes: 
+-+--------------+----------+
| |BlackBox name |Instances |
+-+--------------+----------+
+-+--------------+----------+

Report Cell Usage: 
+------+--------+------+
|      |Cell    |Count |
+------+--------+------+
|1     |BUFG    |     1|
|2     |CARRY4  |    62|
|3     |DSP48E1 |    14|
|13    |LUT1    |    43|
|14    |LUT2    |   442|
|15    |LUT3    |  3074|
|16    |LUT4    |   417|
|17    |LUT5    |   165|
|18    |LUT6    |   717|
|19    |MUXCY   |  3347|
|20    |MUXF7   |     7|
|21    |MUXF8   |     1|
|22    |SRL16E  |    67|
|23    |XORCY   |  3122|
|24    |FDE     |     5|
|25    |FDRE    |  3084|
|26    |FDSE    |     1|
|27    |IBUF    |   262|
|28    |OBUF    |   155|
+------+--------+------+
---------------------------------------------------------------------------------
Finished Writing Synthesis Report : Time (s): cpu = 00:01:43 ; elapsed = 00:01:57 . Memory (MB): peak = 2433.887 ; gain = 293.582 ; free physical = 528 ; free virtual = 4569
---------------------------------------------------------------------------------
Synthesis finished with 0 errors, 0 critical warnings and 0 warnings.
Synthesis Optimization Runtime : Time (s): cpu = 00:01:35 ; elapsed = 00:01:49 . Memory (MB): peak = 2433.887 ; gain = 155.816 ; free physical = 603 ; free virtual = 4643
Synthesis Optimization Complete : Time (s): cpu = 00:01:43 ; elapsed = 00:01:58 . Memory (MB): peak = 2433.895 ; gain = 293.582 ; free physical = 603 ; free virtual = 4643
INFO: [Project 1-571] Translating synthesized netlist
Netlist sorting complete. Time (s): cpu = 00:00:00.46 ; elapsed = 00:00:00.45 . Memory (MB): peak = 2433.895 ; gain = 0.000 ; free physical = 671 ; free virtual = 4711
INFO: [Netlist 29-17] Analyzing 6558 Unisim elements for replacement
INFO: [Netlist 29-28] Unisim Transformation completed in 0 CPU seconds
INFO: [Project 1-570] Preparing netlist for logic optimization
INFO: [Opt 31-138] Pushed 0 inverter(s) to 0 load pin(s).
Netlist sorting complete. Time (s): cpu = 00:00:00 ; elapsed = 00:00:00 . Memory (MB): peak = 2452.730 ; gain = 0.000 ; free physical = 590 ; free virtual = 4631
INFO: [Project 1-111] Unisim Transformation Summary:
  A total of 894 instances were transformed.
  (MUXCY,XORCY) => CARRY4: 889 instances
  FDE => FDRE: 5 instances

INFO: [Common 17-83] Releasing license: Synthesis
74 Infos, 2 Warnings, 0 Critical Warnings and 0 Errors encountered.
synth_design completed successfully
synth_design: Time (s): cpu = 00:02:06 ; elapsed = 00:02:17 . Memory (MB): peak = 2452.730 ; gain = 312.500 ; free physical = 786 ; free virtual = 4827
INFO: [Common 17-1381] The checkpoint '/home/jian/Downloads/pagerank_suite-main/pagerank/edgemap/syn/vivado_syn.runs/synth_1/pagerank.dcp' has been generated.
INFO: [runtcl-4] Executing : report_utilization -file pagerank_utilization_synth.rpt -pb pagerank_utilization_synth.pb
INFO: [Common 17-206] Exiting Vivado at Fri Oct  1 23:42:47 2021...
[Fri Oct  1 23:42:50 2021] synth_1 finished
wait_on_run: Time (s): cpu = 00:02:34 ; elapsed = 00:02:46 . Memory (MB): peak = 2208.184 ; gain = 0.000 ; free physical = 1625 ; free virtual = 5662
# exit
INFO: [Common 17-206] Exiting Vivado at Fri Oct  1 23:42:50 2021...
