#-----------------------------------------------------------
# Vivado v2020.1 (64-bit)
# SW Build 2902540 on Wed May 27 19:54:35 MDT 2020
# IP Build 2902112 on Wed May 27 22:43:36 MDT 2020
# Start of session at: Fri Oct  1 23:24:02 2021
# Process ID: 7326
# Current directory: /home/jian/Downloads/pagerank_suite-main/pagerank/edgemap
# Command line: vivado -mode tcl -source syn.tcl -log ./syn.log
# Log file: /home/jian/Downloads/pagerank_suite-main/pagerank/edgemap/./syn.log
# Journal file: /home/jian/Downloads/pagerank_suite-main/pagerank/edgemap/vivado.jou
#-----------------------------------------------------------
source syn.tcl
# create_project -force vivado_syn ./syn -part xc7z020clg484-1
# add_files -norecurse "
#     pagerank_edgemap_hls/solution/syn/verilog/pagerank.v
#     pagerank_edgemap_hls/solution/syn/verilog/pagerank_ap_dadddsub_2_full_dsp_64_ip.tcl
#     pagerank_edgemap_hls/solution/syn/verilog/pagerank_ap_dcmp_0_no_dsp_64_ip.tcl
#     pagerank_edgemap_hls/solution/syn/verilog/pagerank_ap_ddiv_15_no_dsp_64_ip.tcl
#     pagerank_edgemap_hls/solution/syn/verilog/pagerank_ap_dmul_3_max_dsp_64_ip.tcl
#     pagerank_edgemap_hls/solution/syn/verilog/pagerank_ap_uitodp_1_no_dsp_64_ip.tcl
#     pagerank_edgemap_hls/solution/syn/verilog/pagerank_dadddsubbkb.v
#     pagerank_edgemap_hls/solution/syn/verilog/pagerank_dcmp_64neOg.v
#     pagerank_edgemap_hls/solution/syn/verilog/pagerank_ddiv_64ndEe.v
#     pagerank_edgemap_hls/solution/syn/verilog/pagerank_dmul_64ncud.v
#     pagerank_edgemap_hls/solution/syn/verilog/pagerank_uitodp_6fYi.v
# "
# add_files -fileset constrs_1 -norecurse xdc.xdc
# launch_runs synth_1 -jobs 4
[Fri Oct  1 23:24:16 2021] Launched synth_1...
Run output will be captured here: /home/jian/Downloads/pagerank_suite-main/pagerank/edgemap/syn/vivado_syn.runs/synth_1/runme.log
# wait_on_run synth_1
[Fri Oct  1 23:24:16 2021] Waiting for synth_1 to finish...

*** Running vivado
    with args -log pagerank.vds -m64 -product Vivado -mode batch -messageDb vivado.pb -notrace -source pagerank.tcl


****** Vivado v2020.1 (64-bit)
  **** SW Build 2902540 on Wed May 27 19:54:35 MDT 2020
  **** IP Build 2902112 on Wed May 27 22:43:36 MDT 2020
    ** Copyright 1986-2020 Xilinx, Inc. All Rights Reserved.

source pagerank.tcl -notrace
Command: synth_design -top pagerank -part xc7z020clg484-1
Starting synth_design
Attempting to get a license for feature 'Synthesis' and/or device 'xc7z020'
INFO: [Common 17-349] Got license for feature 'Synthesis' and/or device 'xc7z020'
INFO: [Device 21-403] Loading part xc7z020clg484-1
INFO: [Synth 8-7079] Multithreading enabled for synth_design using a maximum of 4 processes.
INFO: [Synth 8-7078] Launching helper process for spawning children vivado processes
INFO: [Synth 8-7075] Helper process launched with PID 7449
---------------------------------------------------------------------------------
Starting RTL Elaboration : Time (s): cpu = 00:00:05 ; elapsed = 00:00:07 . Memory (MB): peak = 2154.305 ; gain = 0.000 ; free physical = 609 ; free virtual = 5302
---------------------------------------------------------------------------------
INFO: [Synth 8-6157] synthesizing module 'pagerank' [/home/jian/Downloads/pagerank_suite-main/pagerank/edgemap/pagerank_edgemap_hls/solution/syn/verilog/pagerank.v:12]
	Parameter ap_ST_fsm_state1 bound to: 53'b00000000000000000000000000000000000000000000000000001 
	Parameter ap_ST_fsm_state2 bound to: 53'b00000000000000000000000000000000000000000000000000010 
	Parameter ap_ST_fsm_state3 bound to: 53'b00000000000000000000000000000000000000000000000000100 
	Parameter ap_ST_fsm_state4 bound to: 53'b00000000000000000000000000000000000000000000000001000 
	Parameter ap_ST_fsm_state5 bound to: 53'b00000000000000000000000000000000000000000000000010000 
	Parameter ap_ST_fsm_state6 bound to: 53'b00000000000000000000000000000000000000000000000100000 
	Parameter ap_ST_fsm_state7 bound to: 53'b00000000000000000000000000000000000000000000001000000 
	Parameter ap_ST_fsm_state8 bound to: 53'b00000000000000000000000000000000000000000000010000000 
	Parameter ap_ST_fsm_state9 bound to: 53'b00000000000000000000000000000000000000000000100000000 
	Parameter ap_ST_fsm_state10 bound to: 53'b00000000000000000000000000000000000000000001000000000 
	Parameter ap_ST_fsm_state11 bound to: 53'b00000000000000000000000000000000000000000010000000000 
	Parameter ap_ST_fsm_state12 bound to: 53'b00000000000000000000000000000000000000000100000000000 
	Parameter ap_ST_fsm_state13 bound to: 53'b00000000000000000000000000000000000000001000000000000 
	Parameter ap_ST_fsm_state14 bound to: 53'b00000000000000000000000000000000000000010000000000000 
	Parameter ap_ST_fsm_state15 bound to: 53'b00000000000000000000000000000000000000100000000000000 
	Parameter ap_ST_fsm_state16 bound to: 53'b00000000000000000000000000000000000001000000000000000 
	Parameter ap_ST_fsm_state17 bound to: 53'b00000000000000000000000000000000000010000000000000000 
	Parameter ap_ST_fsm_state18 bound to: 53'b00000000000000000000000000000000000100000000000000000 
	Parameter ap_ST_fsm_state19 bound to: 53'b00000000000000000000000000000000001000000000000000000 
	Parameter ap_ST_fsm_state20 bound to: 53'b00000000000000000000000000000000010000000000000000000 
	Parameter ap_ST_fsm_state21 bound to: 53'b00000000000000000000000000000000100000000000000000000 
	Parameter ap_ST_fsm_state22 bound to: 53'b00000000000000000000000000000001000000000000000000000 
	Parameter ap_ST_fsm_state23 bound to: 53'b00000000000000000000000000000010000000000000000000000 
	Parameter ap_ST_fsm_state24 bound to: 53'b00000000000000000000000000000100000000000000000000000 
	Parameter ap_ST_fsm_state25 bound to: 53'b00000000000000000000000000001000000000000000000000000 
	Parameter ap_ST_fsm_state26 bound to: 53'b00000000000000000000000000010000000000000000000000000 
	Parameter ap_ST_fsm_state27 bound to: 53'b00000000000000000000000000100000000000000000000000000 
	Parameter ap_ST_fsm_state28 bound to: 53'b00000000000000000000000001000000000000000000000000000 
	Parameter ap_ST_fsm_state29 bound to: 53'b00000000000000000000000010000000000000000000000000000 
	Parameter ap_ST_fsm_state30 bound to: 53'b00000000000000000000000100000000000000000000000000000 
	Parameter ap_ST_fsm_state31 bound to: 53'b00000000000000000000001000000000000000000000000000000 
	Parameter ap_ST_fsm_state32 bound to: 53'b00000000000000000000010000000000000000000000000000000 
	Parameter ap_ST_fsm_state33 bound to: 53'b00000000000000000000100000000000000000000000000000000 
	Parameter ap_ST_fsm_state34 bound to: 53'b00000000000000000001000000000000000000000000000000000 
	Parameter ap_ST_fsm_state35 bound to: 53'b00000000000000000010000000000000000000000000000000000 
	Parameter ap_ST_fsm_state36 bound to: 53'b00000000000000000100000000000000000000000000000000000 
	Parameter ap_ST_fsm_state37 bound to: 53'b00000000000000001000000000000000000000000000000000000 
	Parameter ap_ST_fsm_state38 bound to: 53'b00000000000000010000000000000000000000000000000000000 
	Parameter ap_ST_fsm_state39 bound to: 53'b00000000000000100000000000000000000000000000000000000 
	Parameter ap_ST_fsm_state40 bound to: 53'b00000000000001000000000000000000000000000000000000000 
	Parameter ap_ST_fsm_state41 bound to: 53'b00000000000010000000000000000000000000000000000000000 
	Parameter ap_ST_fsm_state42 bound to: 53'b00000000000100000000000000000000000000000000000000000 
	Parameter ap_ST_fsm_state43 bound to: 53'b00000000001000000000000000000000000000000000000000000 
	Parameter ap_ST_fsm_state44 bound to: 53'b00000000010000000000000000000000000000000000000000000 
	Parameter ap_ST_fsm_state45 bound to: 53'b00000000100000000000000000000000000000000000000000000 
	Parameter ap_ST_fsm_state46 bound to: 53'b00000001000000000000000000000000000000000000000000000 
	Parameter ap_ST_fsm_state47 bound to: 53'b00000010000000000000000000000000000000000000000000000 
	Parameter ap_ST_fsm_state48 bound to: 53'b00000100000000000000000000000000000000000000000000000 
	Parameter ap_ST_fsm_state49 bound to: 53'b00001000000000000000000000000000000000000000000000000 
	Parameter ap_ST_fsm_state50 bound to: 53'b00010000000000000000000000000000000000000000000000000 
	Parameter ap_ST_fsm_state51 bound to: 53'b00100000000000000000000000000000000000000000000000000 
	Parameter ap_ST_fsm_state52 bound to: 53'b01000000000000000000000000000000000000000000000000000 
	Parameter ap_ST_fsm_state53 bound to: 53'b10000000000000000000000000000000000000000000000000000 
INFO: [Synth 8-6157] synthesizing module 'pagerank_dadddsubbkb' [/home/jian/Downloads/pagerank_suite-main/pagerank/edgemap/pagerank_edgemap_hls/solution/syn/verilog/pagerank_dadddsubbkb.v:8]
	Parameter ID bound to: 1 - type: integer 
	Parameter NUM_STAGE bound to: 4 - type: integer 
	Parameter din0_WIDTH bound to: 64 - type: integer 
	Parameter din1_WIDTH bound to: 64 - type: integer 
	Parameter dout_WIDTH bound to: 64 - type: integer 
ERROR: [Synth 8-439] module 'pagerank_ap_dadddsub_2_full_dsp_64' not found [/home/jian/Downloads/pagerank_suite-main/pagerank/edgemap/pagerank_edgemap_hls/solution/syn/verilog/pagerank_dadddsubbkb.v:42]
ERROR: [Synth 8-6156] failed synthesizing module 'pagerank_dadddsubbkb' [/home/jian/Downloads/pagerank_suite-main/pagerank/edgemap/pagerank_edgemap_hls/solution/syn/verilog/pagerank_dadddsubbkb.v:8]
ERROR: [Synth 8-6156] failed synthesizing module 'pagerank' [/home/jian/Downloads/pagerank_suite-main/pagerank/edgemap/pagerank_edgemap_hls/solution/syn/verilog/pagerank.v:12]
---------------------------------------------------------------------------------
Finished RTL Elaboration : Time (s): cpu = 00:00:05 ; elapsed = 00:00:10 . Memory (MB): peak = 2154.305 ; gain = 0.000 ; free physical = 366 ; free virtual = 5061
---------------------------------------------------------------------------------
RTL Elaboration failed
INFO: [Common 17-83] Releasing license: Synthesis
8 Infos, 0 Warnings, 0 Critical Warnings and 4 Errors encountered.
synth_design failed
ERROR: [Common 17-69] Command failed: Synthesis failed - please see the console or run log file for details
INFO: [Common 17-206] Exiting Vivado at Fri Oct  1 23:24:50 2021...
[Fri Oct  1 23:24:53 2021] synth_1 finished
WARNING: [Vivado 12-8222] Failed run(s) : 'synth_1'
wait_on_run: Time (s): cpu = 00:00:30 ; elapsed = 00:00:37 . Memory (MB): peak = 2163.348 ; gain = 0.000 ; free physical = 1787 ; free virtual = 6486
# exit
INFO: [Common 17-206] Exiting Vivado at Fri Oct  1 23:24:53 2021...
